Using pre-set license
Built from '2020.3/staging' branch; Version is '2020.3.17f1 (a4537701e4ab) revision 10769271'; Using compiler version '192528614'; Build Type 'Release'
OS: 'Windows 10 Home; OS build 19043.1237; Version 2009; 64bit' Language: 'de' Physical Memory: 3460 MB
BatchMode: 1, IsHumanControllingUs: 0, StartBugReporterOnCrash: 0, Is64bit: 1, IsPro: 0

COMMAND LINE ARGUMENTS:
C:\Program Files\Unity\Hub\Editor\2020.3.17f1\Editor\Unity.exe
-adb2
-batchMode
-noUpm
-name
AssetImportWorker0
-projectPath
C:/Users/ovett/Documents/PaintJam 2021.1/UnnamedZombieGame/New Unity Project
-logFile
Logs/AssetImportWorker0.log
-srvPort
58747
Successfully changed project path to: C:/Users/ovett/Documents/PaintJam 2021.1/UnnamedZombieGame/New Unity Project
C:/Users/ovett/Documents/PaintJam 2021.1/UnnamedZombieGame/New Unity Project
Using Asset Import Pipeline V2.
Refreshing native plugins compatible for Editor in 67.57 ms, found 3 plugins.
Preloading 0 native plugins for Editor in 0.00 ms.
Initialize engine version: 2020.3.17f1 (a4537701e4ab)
[Subsystems] Discovering subsystems at path C:/Program Files/Unity/Hub/Editor/2020.3.17f1/Editor/Data/Resources/UnitySubsystems
[Subsystems] Discovering subsystems at path C:/Users/ovett/Documents/PaintJam 2021.1/UnnamedZombieGame/New Unity Project/Assets
GfxDevice: creating device client; threaded=0
Direct3D:
    Version:  Direct3D 11.0 [level 11.1]
    Renderer: AMD Radeon(TM) Graphics (ID=0x15d8)
    Vendor:   
    VRAM:     1730 MB
    Driver:   27.20.11028.10001
Initialize mono
Mono path[0] = 'C:/Program Files/Unity/Hub/Editor/2020.3.17f1/Editor/Data/Managed'
Mono path[1] = 'C:/Program Files/Unity/Hub/Editor/2020.3.17f1/Editor/Data/MonoBleedingEdge/lib/mono/unityjit'
Mono config path = 'C:/Program Files/Unity/Hub/Editor/2020.3.17f1/Editor/Data/MonoBleedingEdge/etc'
Using monoOptions --debugger-agent=transport=dt_socket,embedding=1,server=y,suspend=n,address=127.0.0.1:56324
Begin MonoManager ReloadAssembly
Registering precompiled unity dll's ...
Register platform support module: C:/Program Files/Unity/Hub/Editor/2020.3.17f1/Editor/Data/PlaybackEngines/WebGLSupport/UnityEditor.WebGL.Extensions.dll
Register platform support module: C:/Program Files/Unity/Hub/Editor/2020.3.17f1/Editor/Data/PlaybackEngines/MacStandaloneSupport/UnityEditor.OSXStandalone.Extensions.dll
Register platform support module: C:/Program Files/Unity/Hub/Editor/2020.3.17f1/Editor/Data/PlaybackEngines/WindowsStandaloneSupport/UnityEditor.WindowsStandalone.Extensions.dll
Register platform support module: C:/Program Files/Unity/Hub/Editor/2020.3.17f1/Editor/Data/PlaybackEngines/LinuxStandaloneSupport/UnityEditor.LinuxStandalone.Extensions.dll
Register platform support module: C:/Program Files/Unity/Hub/Editor/2020.3.17f1/Editor/Data/PlaybackEngines/LuminSupport/UnityEditor.Lumin.Extensions.dll
Registered in 0.012278 seconds.
Native extension for Lumin target not found
Native extension for LinuxStandalone target not found
Native extension for WindowsStandalone target not found
Native extension for OSXStandalone target not found
Native extension for WebGL target not found
Refreshing native plugins compatible for Editor in 56.66 ms, found 3 plugins.
Preloading 0 native plugins for Editor in 0.00 ms.
Mono: successfully reloaded assembly
- Completed reload, in  8.914 seconds
Domain Reload Profiling:
	ReloadAssembly (8915ms)
		BeginReloadAssembly (140ms)
			ExecutionOrderSort (0ms)
			DisableScriptedObjects (0ms)
			BackupInstance (0ms)
			ReleaseScriptingObjects (0ms)
			CreateAndSetChildDomain (2ms)
		EndReloadAssembly (880ms)
			LoadAssemblies (139ms)
			RebuildTransferFunctionScriptingTraits (1ms)
			SetupTypeCache (328ms)
			ReleaseScriptCaches (0ms)
			RebuildScriptCaches (57ms)
			SetupLoadedEditorAssemblies (326ms)
				LogAssemblyErrors (0ms)
				InitializePlatformSupportModulesInManaged (16ms)
				SetLoadedEditorAssemblies (1ms)
				RefreshPlugins (57ms)
				BeforeProcessingInitializeOnLoad (34ms)
				ProcessInitializeOnLoadAttributes (159ms)
				ProcessInitializeOnLoadMethodAttributes (58ms)
				AfterProcessingInitializeOnLoad (0ms)
				EditorAssembliesLoaded (1ms)
			ExecutionOrderSort2 (0ms)
			AwakeInstancesAfterBackupRestoration (0ms)
Platform modules already initialized, skipping
Registering precompiled user dll's ...
Registered in 0.019037 seconds.
Begin MonoManager ReloadAssembly
Native extension for Lumin target not found
Native extension for LinuxStandalone target not found
Native extension for WindowsStandalone target not found
Native extension for OSXStandalone target not found
Native extension for WebGL target not found
Refreshing native plugins compatible for Editor in 0.54 ms, found 3 plugins.
Preloading 0 native plugins for Editor in 0.00 ms.
Mono: successfully reloaded assembly
- Completed reload, in  2.534 seconds
Domain Reload Profiling:
	ReloadAssembly (2535ms)
		BeginReloadAssembly (290ms)
			ExecutionOrderSort (0ms)
			DisableScriptedObjects (8ms)
			BackupInstance (0ms)
			ReleaseScriptingObjects (0ms)
			CreateAndSetChildDomain (32ms)
		EndReloadAssembly (2120ms)
			LoadAssemblies (202ms)
			RebuildTransferFunctionScriptingTraits (0ms)
			SetupTypeCache (599ms)
			ReleaseScriptCaches (1ms)
			RebuildScriptCaches (74ms)
			SetupLoadedEditorAssemblies (1029ms)
				LogAssemblyErrors (0ms)
				InitializePlatformSupportModulesInManaged (20ms)
				SetLoadedEditorAssemblies (1ms)
				RefreshPlugins (1ms)
				BeforeProcessingInitializeOnLoad (167ms)
				ProcessInitializeOnLoadAttributes (819ms)
				ProcessInitializeOnLoadMethodAttributes (8ms)
				AfterProcessingInitializeOnLoad (13ms)
				EditorAssembliesLoaded (0ms)
			ExecutionOrderSort2 (0ms)
			AwakeInstancesAfterBackupRestoration (13ms)
Platform modules already initialized, skipping
========================================================================
Worker process is ready to serve import requests
Launched and connected shader compiler UnityShaderCompiler.exe after 0.51 seconds
Refreshing native plugins compatible for Editor in 0.75 ms, found 3 plugins.
Preloading 0 native plugins for Editor in 0.00 ms.
Unloading 1430 Unused Serialized files (Serialized files now loaded: 0)
System memory in use before: 79.4 MB.
System memory in use after: 79.5 MB.

Unloading 20 unused Assets to reduce memory usage. Loaded Objects now: 1885.
Total: 10.022700 ms (FindLiveObjects: 0.246400 ms CreateObjectMapping: 0.065800 ms MarkObjects: 9.114300 ms  DeleteObjects: 0.593200 ms)

AssetImportParameters requested are different than current active one (requested -> active):
  custom:framework-win-MediaFoundation: 216162199b28c13a410421893ffa2e32 -> 
  custom:video-decoder-ogg-theora: a1e56fd34408186e4bbccfd4996cb3dc -> 
  custom:container-muxer-webm: aa71ff27fc2769a1b78a27578f13a17b -> 
  custom:container-demuxer-webm: 4f35f7cbe854078d1ac9338744f61a02 -> 
  custom:container-demuxer-ogg: 62fdf1f143b41e24485cea50d1cbac27 -> 
  custom:video-encoder-webm-vp8: eb34c28f22e8b96e1ab97ce403110664 -> 
  custom:video-codec-MediaFoundation-h265: 746d11721c4dcdbdad8f713fa42b33f4 -> 
  custom:video-decoder-webm-vp8: 9c59270c3fd7afecdb556c50c9e8de78 -> 
  custom:audio-decoder-ogg-vorbis: bf7c407c2cedff20999df2af8eb42d56 -> 
  custom:audio-encoder-webm-vorbis: bf7c407c2cedff20999df2af8eb42d56 -> 
========================================================================
Received Import Request.
  path: Assets/LowPoly/Low Poly Weapons VOL.2/Textures_Guns.png
  artifactKey: Guid(393af9d9991c72642b61e8f914277861) Importer(815301076,1909f56bfc062723c751e8b465ee728b)
Start importing Assets/LowPoly/Low Poly Weapons VOL.2/Textures_Guns.png using Guid(393af9d9991c72642b61e8f914277861) Importer(815301076,1909f56bfc062723c751e8b465ee728b)  -> (artifact id: 'b4b83b927dfb06949fef336e69296b0d') in 0.585566 seconds 
  Import took 0.590053 seconds .

========================================================================
Received Import Request.
  Time since last request: 0.026830 seconds.
  path: Assets/LowPoly/Low Poly Weapons VOL.2/Exemple_Prefabs/Custom_M1911.prefab
  artifactKey: Guid(bd974f63d66d4f242955d210acc52b73) Importer(815301076,1909f56bfc062723c751e8b465ee728b)
Start importing Assets/LowPoly/Low Poly Weapons VOL.2/Exemple_Prefabs/Custom_M1911.prefab using Guid(bd974f63d66d4f242955d210acc52b73) Importer(815301076,1909f56bfc062723c751e8b465ee728b)  -> (artifact id: '82c91ff0a9b8385299e65ba48dcf0d72') in 0.199294 seconds 
  Import took 0.211526 seconds .

========================================================================
Received Import Request.
  Time since last request: 0.000303 seconds.
  path: Assets/LowPoly/Low Poly Weapons VOL.2/Exemple_Prefabs/Custom_KRISS.prefab
  artifactKey: Guid(efc7bb56fca091c48b4a5726d8661d09) Importer(815301076,1909f56bfc062723c751e8b465ee728b)
Start importing Assets/LowPoly/Low Poly Weapons VOL.2/Exemple_Prefabs/Custom_KRISS.prefab using Guid(efc7bb56fca091c48b4a5726d8661d09) Importer(815301076,1909f56bfc062723c751e8b465ee728b)  -> (artifact id: '91e99e9e7d79481cc089d20a661cad98') in 0.114783 seconds 
  Import took 0.120180 seconds .

========================================================================
Received Import Request.
  Time since last request: 0.000331 seconds.
  path: Assets/LowPoly
  artifactKey: Guid(24bdccf50ec57794ab5920609670106b) Importer(815301076,1909f56bfc062723c751e8b465ee728b)
Start importing Assets/LowPoly using Guid(24bdccf50ec57794ab5920609670106b) Importer(815301076,1909f56bfc062723c751e8b465ee728b)  -> (artifact id: '40ccbd0a23bb1b83353fb99ab37ac7c7') in 0.097362 seconds 
  Import took 0.104934 seconds .

========================================================================
Received Import Request.
  Time since last request: 0.000900 seconds.
  path: Assets/LowPoly/Low Poly Weapons VOL.2/Exemple_Prefabs/Custom_KRISS.prefab
  artifactKey: Guid(efc7bb56fca091c48b4a5726d8661d09) Importer(815301076,1909f56bfc062723c751e8b465ee728b)
Start importing Assets/LowPoly/Low Poly Weapons VOL.2/Exemple_Prefabs/Custom_KRISS.prefab using Guid(efc7bb56fca091c48b4a5726d8661d09) Importer(815301076,1909f56bfc062723c751e8b465ee728b)  -> (artifact id: '91e99e9e7d79481cc089d20a661cad98') in 0.070480 seconds 
  Import took 0.077655 seconds .

========================================================================
Received Import Request.
  Time since last request: 0.000283 seconds.
  path: Assets/LowPoly/Low Poly Weapons VOL.2/Gun_MAT.mat
  artifactKey: Guid(8d858f0eba4f06746b8e655966671815) Importer(815301076,1909f56bfc062723c751e8b465ee728b)
Start importing Assets/LowPoly/Low Poly Weapons VOL.2/Gun_MAT.mat using Guid(8d858f0eba4f06746b8e655966671815) Importer(815301076,1909f56bfc062723c751e8b465ee728b)  -> (artifact id: 'd8a7c2dce81512744257c38cc7aa34f9') in 0.628070 seconds 
  Import took 0.637008 seconds .

========================================================================
Received Import Request.
  Time since last request: 0.000378 seconds.
  path: Assets/LowPoly/Low Poly Weapons VOL.2/Exemple_Prefabs/Spetnaz_DMR.prefab
  artifactKey: Guid(543532c11a4433d4ba152dc54082c84b) Importer(815301076,1909f56bfc062723c751e8b465ee728b)
Start importing Assets/LowPoly/Low Poly Weapons VOL.2/Exemple_Prefabs/Spetnaz_DMR.prefab using Guid(543532c11a4433d4ba152dc54082c84b) Importer(815301076,1909f56bfc062723c751e8b465ee728b)  -> (artifact id: '3834d1093fe422586a67e0a35a0c9e46') in 0.126006 seconds 
  Import took 0.130930 seconds .

========================================================================
Received Import Request.
  Time since last request: 0.000445 seconds.
  path: Assets/LowPoly/Low Poly Weapons VOL.2/Exemple_Prefabs/LongRange_HMG.prefab
  artifactKey: Guid(1e08968e800ef2f4eb4d4749ac6cba51) Importer(815301076,1909f56bfc062723c751e8b465ee728b)
Start importing Assets/LowPoly/Low Poly Weapons VOL.2/Exemple_Prefabs/LongRange_HMG.prefab using Guid(1e08968e800ef2f4eb4d4749ac6cba51) Importer(815301076,1909f56bfc062723c751e8b465ee728b)  -> (artifact id: '54649f5486169393673be815d05c92ff') in 0.084040 seconds 
  Import took 0.089018 seconds .

========================================================================
Received Import Request.
  Time since last request: 0.000298 seconds.
  path: Assets/LowPoly/Low Poly Weapons VOL.2/Exemple_Prefabs/Special_Force_Sniper.prefab
  artifactKey: Guid(e71ef36a35c40c84ba71a2b421bd6889) Importer(815301076,1909f56bfc062723c751e8b465ee728b)
Start importing Assets/LowPoly/Low Poly Weapons VOL.2/Exemple_Prefabs/Special_Force_Sniper.prefab using Guid(e71ef36a35c40c84ba71a2b421bd6889) Importer(815301076,1909f56bfc062723c751e8b465ee728b)  -> (artifact id: 'cedde05d9577640121d810dd6c9c12c1') in 0.092116 seconds 
  Import took 0.096082 seconds .

========================================================================
Received Import Request.
  Time since last request: 0.000577 seconds.
  path: Assets/LowPoly/Low Poly Weapons VOL.2/Exemple_Prefabs/Special_Force_M4.prefab
  artifactKey: Guid(6394dba8c08db8b4ba0774a3b077ef6d) Importer(815301076,1909f56bfc062723c751e8b465ee728b)
Start importing Assets/LowPoly/Low Poly Weapons VOL.2/Exemple_Prefabs/Special_Force_M4.prefab using Guid(6394dba8c08db8b4ba0774a3b077ef6d) Importer(815301076,1909f56bfc062723c751e8b465ee728b)  -> (artifact id: '98052e7e707f55cd57df862e922ff465') in 0.163868 seconds 
  Import took 0.176817 seconds .

========================================================================
Received Import Request.
  Time since last request: 0.000131 seconds.
  path: Assets/LowPoly/Low Poly Weapons VOL.2/Exemple_Prefabs
  artifactKey: Guid(33a083a0c6cd42d4e85b1cf127a3b992) Importer(815301076,1909f56bfc062723c751e8b465ee728b)
Start importing Assets/LowPoly/Low Poly Weapons VOL.2/Exemple_Prefabs using Guid(33a083a0c6cd42d4e85b1cf127a3b992) Importer(815301076,1909f56bfc062723c751e8b465ee728b)  -> (artifact id: '3bec9b08aa3c44a45b2c83ef0ffae889') in 0.062410 seconds 
  Import took 0.069441 seconds .

========================================================================
Received Import Request.
  Time since last request: 0.000301 seconds.
  path: Assets/LowPoly/Low Poly Weapons VOL.2/Exemple_Prefabs/Tactical_Bennelli.prefab
  artifactKey: Guid(98782a70f3607784a804595085897ac9) Importer(815301076,1909f56bfc062723c751e8b465ee728b)
Start importing Assets/LowPoly/Low Poly Weapons VOL.2/Exemple_Prefabs/Tactical_Bennelli.prefab using Guid(98782a70f3607784a804595085897ac9) Importer(815301076,1909f56bfc062723c751e8b465ee728b)  -> (artifact id: '91029559b95160600b438e0e44a3b2b9') in 0.147029 seconds 
  Import took 0.163036 seconds .

========================================================================
Received Import Request.
  Time since last request: 0.000600 seconds.
  path: Assets/LowPoly/Low Poly Weapons VOL.2/Exemple_Prefabs/Spetnaz_AK74.prefab
  artifactKey: Guid(8f93fad4b870bdc40bad8736dee6aeb9) Importer(815301076,1909f56bfc062723c751e8b465ee728b)
Start importing Assets/LowPoly/Low Poly Weapons VOL.2/Exemple_Prefabs/Spetnaz_AK74.prefab using Guid(8f93fad4b870bdc40bad8736dee6aeb9) Importer(815301076,1909f56bfc062723c751e8b465ee728b)  -> (artifact id: '2e78f50388e269a57ef29939a474a79e') in 0.124549 seconds 
  Import took 0.131241 seconds .

========================================================================
Received Import Request.
  Time since last request: 0.000351 seconds.
  path: Assets/LowPoly/Low Poly Weapons VOL.2/Exemple_Prefabs/French_Assault_Rifle.prefab
  artifactKey: Guid(1eccff25965edfe4791023fd403ce110) Importer(815301076,1909f56bfc062723c751e8b465ee728b)
Start importing Assets/LowPoly/Low Poly Weapons VOL.2/Exemple_Prefabs/French_Assault_Rifle.prefab using Guid(1eccff25965edfe4791023fd403ce110) Importer(815301076,1909f56bfc062723c751e8b465ee728b)  -> (artifact id: '0b9fd406dbc2eb57cc79e365938d8772') in 0.135041 seconds 
  Import took 0.143426 seconds .

========================================================================
Received Import Request.
  Time since last request: 0.000266 seconds.
  path: Assets/LowPoly/Low Poly Weapons VOL.2
  artifactKey: Guid(27e8056aa19d9c8479fb5f39ff170afe) Importer(815301076,1909f56bfc062723c751e8b465ee728b)
Start importing Assets/LowPoly/Low Poly Weapons VOL.2 using Guid(27e8056aa19d9c8479fb5f39ff170afe) Importer(815301076,1909f56bfc062723c751e8b465ee728b)  -> (artifact id: '7a78fac3ae69f81c79e56456a29aeca8') in 0.056218 seconds 
  Import took 0.062654 seconds .

========================================================================
Received Import Request.
  Time since last request: 103.563032 seconds.
  path: Assets/Scripts/Player/Weapons/SpeciaForce.asset
  artifactKey: Guid(bda642bd876cabc4ca3c133624a10df5) Importer(815301076,1909f56bfc062723c751e8b465ee728b)
Start importing Assets/Scripts/Player/Weapons/SpeciaForce.asset using Guid(bda642bd876cabc4ca3c133624a10df5) Importer(815301076,1909f56bfc062723c751e8b465ee728b)  -> (artifact id: '878cb812959773b7cc6d177f3ab46acf') in 0.069736 seconds 
  Import took 0.076259 seconds .

========================================================================
Received Import Request.
  Time since last request: 5.922825 seconds.
  path: Assets/Scripts/Player/Weapons/SpecialForce.asset
  artifactKey: Guid(bda642bd876cabc4ca3c133624a10df5) Importer(815301076,1909f56bfc062723c751e8b465ee728b)
Start importing Assets/Scripts/Player/Weapons/SpecialForce.asset using Guid(bda642bd876cabc4ca3c133624a10df5) Importer(815301076,1909f56bfc062723c751e8b465ee728b)  -> (artifact id: '5167af73f3db3b58b4563467ed3bc161') in 0.056846 seconds 
  Import took 0.061803 seconds .

========================================================================
Received Prepare
Registering precompiled user dll's ...
Registered in 0.027072 seconds.
Begin MonoManager ReloadAssembly
Native extension for Lumin target not found
Native extension for LinuxStandalone target not found
Native extension for WindowsStandalone target not found
Native extension for OSXStandalone target not found
Native extension for WebGL target not found
Refreshing native plugins compatible for Editor in 0.97 ms, found 3 plugins.
Preloading 0 native plugins for Editor in 0.00 ms.
Mono: successfully reloaded assembly
- Completed reload, in  7.093 seconds
Domain Reload Profiling:
	ReloadAssembly (7115ms)
		BeginReloadAssembly (3261ms)
			ExecutionOrderSort (0ms)
			DisableScriptedObjects (100ms)
			BackupInstance (0ms)
			ReleaseScriptingObjects (1ms)
			CreateAndSetChildDomain (2682ms)
		EndReloadAssembly (3616ms)
			LoadAssemblies (998ms)
			RebuildTransferFunctionScriptingTraits (2ms)
			SetupTypeCache (783ms)
			ReleaseScriptCaches (1ms)
			RebuildScriptCaches (72ms)
			SetupLoadedEditorAssemblies (1566ms)
				LogAssemblyErrors (0ms)
				InitializePlatformSupportModulesInManaged (29ms)
				SetLoadedEditorAssemblies (4ms)
				RefreshPlugins (1ms)
				BeforeProcessingInitializeOnLoad (382ms)
				ProcessInitializeOnLoadAttributes (1124ms)
				ProcessInitializeOnLoadMethodAttributes (10ms)
				AfterProcessingInitializeOnLoad (14ms)
				EditorAssembliesLoaded (2ms)
			ExecutionOrderSort2 (0ms)
			AwakeInstancesAfterBackupRestoration (14ms)
Platform modules already initialized, skipping
Refreshing native plugins compatible for Editor in 0.60 ms, found 3 plugins.
Preloading 0 native plugins for Editor in 0.00 ms.
Unloading 1424 Unused Serialized files (Serialized files now loaded: 0)
System memory in use before: 82.7 MB.
System memory in use after: 82.8 MB.

Unloading 15 unused Assets to reduce memory usage. Loaded Objects now: 1928.
Total: 22.178800 ms (FindLiveObjects: 7.832700 ms CreateObjectMapping: 0.157800 ms MarkObjects: 14.144500 ms  DeleteObjects: 0.039600 ms)

AssetImportParameters requested are different than current active one (requested -> active):
  custom:framework-win-MediaFoundation: 216162199b28c13a410421893ffa2e32 -> 
  custom:video-decoder-ogg-theora: a1e56fd34408186e4bbccfd4996cb3dc -> 
  custom:container-muxer-webm: aa71ff27fc2769a1b78a27578f13a17b -> 
  custom:container-demuxer-webm: 4f35f7cbe854078d1ac9338744f61a02 -> 
  custom:container-demuxer-ogg: 62fdf1f143b41e24485cea50d1cbac27 -> 
  custom:video-encoder-webm-vp8: eb34c28f22e8b96e1ab97ce403110664 -> 
  custom:video-codec-MediaFoundation-h265: 746d11721c4dcdbdad8f713fa42b33f4 -> 
  custom:video-decoder-webm-vp8: 9c59270c3fd7afecdb556c50c9e8de78 -> 
  custom:audio-decoder-ogg-vorbis: bf7c407c2cedff20999df2af8eb42d56 -> 
  custom:audio-encoder-webm-vorbis: bf7c407c2cedff20999df2af8eb42d56 -> 
========================================================================
Received Import Request.
  Time since last request: 215.361399 seconds.
  path: Assets/Scripts/Player/Weapons/SpecialForce.asset
  artifactKey: Guid(bda642bd876cabc4ca3c133624a10df5) Importer(815301076,1909f56bfc062723c751e8b465ee728b)
Start importing Assets/Scripts/Player/Weapons/SpecialForce.asset using Guid(bda642bd876cabc4ca3c133624a10df5) Importer(815301076,1909f56bfc062723c751e8b465ee728b)  -> (artifact id: '603c272b0ff0d0c5a4f119819da86fdc') in 0.242056 seconds 
  Import took 0.255070 seconds .

========================================================================
Received Prepare
Registering precompiled user dll's ...
Registered in 0.030532 seconds.
Begin MonoManager ReloadAssembly
Native extension for Lumin target not found
Native extension for LinuxStandalone target not found
Native extension for WindowsStandalone target not found
Native extension for OSXStandalone target not found
Native extension for WebGL target not found
Refreshing native plugins compatible for Editor in 4.56 ms, found 3 plugins.
Preloading 0 native plugins for Editor in 0.00 ms.
Mono: successfully reloaded assembly
- Completed reload, in  4.246 seconds
Domain Reload Profiling:
	ReloadAssembly (4247ms)
		BeginReloadAssembly (455ms)
			ExecutionOrderSort (0ms)
			DisableScriptedObjects (13ms)
			BackupInstance (0ms)
			ReleaseScriptingObjects (0ms)
			CreateAndSetChildDomain (161ms)
		EndReloadAssembly (3517ms)
			LoadAssemblies (426ms)
			RebuildTransferFunctionScriptingTraits (0ms)
			SetupTypeCache (1060ms)
			ReleaseScriptCaches (2ms)
			RebuildScriptCaches (177ms)
			SetupLoadedEditorAssemblies (1498ms)
				LogAssemblyErrors (0ms)
				InitializePlatformSupportModulesInManaged (38ms)
				SetLoadedEditorAssemblies (2ms)
				RefreshPlugins (5ms)
				BeforeProcessingInitializeOnLoad (300ms)
				ProcessInitializeOnLoadAttributes (1106ms)
				ProcessInitializeOnLoadMethodAttributes (16ms)
				AfterProcessingInitializeOnLoad (31ms)
				EditorAssembliesLoaded (0ms)
			ExecutionOrderSort2 (0ms)
			AwakeInstancesAfterBackupRestoration (24ms)
Platform modules already initialized, skipping
Refreshing native plugins compatible for Editor in 0.75 ms, found 3 plugins.
Preloading 0 native plugins for Editor in 0.00 ms.
Unloading 1413 Unused Serialized files (Serialized files now loaded: 0)
System memory in use before: 82.5 MB.
System memory in use after: 82.6 MB.

Unloading 24 unused Assets to reduce memory usage. Loaded Objects now: 1920.
Total: 20.845500 ms (FindLiveObjects: 0.813900 ms CreateObjectMapping: 0.128700 ms MarkObjects: 19.862200 ms  DeleteObjects: 0.038000 ms)

AssetImportParameters requested are different than current active one (requested -> active):
  custom:framework-win-MediaFoundation: 216162199b28c13a410421893ffa2e32 -> 
  custom:video-decoder-ogg-theora: a1e56fd34408186e4bbccfd4996cb3dc -> 
  custom:container-muxer-webm: aa71ff27fc2769a1b78a27578f13a17b -> 
  custom:container-demuxer-webm: 4f35f7cbe854078d1ac9338744f61a02 -> 
  custom:container-demuxer-ogg: 62fdf1f143b41e24485cea50d1cbac27 -> 
  custom:video-encoder-webm-vp8: eb34c28f22e8b96e1ab97ce403110664 -> 
  custom:video-codec-MediaFoundation-h265: 746d11721c4dcdbdad8f713fa42b33f4 -> 
  custom:video-decoder-webm-vp8: 9c59270c3fd7afecdb556c50c9e8de78 -> 
  custom:audio-decoder-ogg-vorbis: bf7c407c2cedff20999df2af8eb42d56 -> 
  custom:audio-encoder-webm-vorbis: bf7c407c2cedff20999df2af8eb42d56 -> 
========================================================================
Received Import Request.
  Time since last request: 123.519581 seconds.
  path: Assets/DiscordRichPresence/Editor/Plugins
  artifactKey: Guid(f2f9d30f2a57de249b316cd189be4165) Importer(815301076,1909f56bfc062723c751e8b465ee728b)
Start importing Assets/DiscordRichPresence/Editor/Plugins using Guid(f2f9d30f2a57de249b316cd189be4165) Importer(815301076,1909f56bfc062723c751e8b465ee728b)  -> (artifact id: 'bafdb6360c3cd878ff3700bfd6a21da9') in 0.083839 seconds 
  Import took 0.089399 seconds .

========================================================================
Received Import Request.
  Time since last request: 0.675540 seconds.
  path: Assets/DiscordRichPresence/Editor/Plugins/DiscordSDK
  artifactKey: Guid(ce6f73dd7415ecd4aaa685f854de777e) Importer(815301076,1909f56bfc062723c751e8b465ee728b)
Start importing Assets/DiscordRichPresence/Editor/Plugins/DiscordSDK using Guid(ce6f73dd7415ecd4aaa685f854de777e) Importer(815301076,1909f56bfc062723c751e8b465ee728b)  -> (artifact id: 'd92976bbb8fe6e4da641a2aa7fcb774d') in 0.054496 seconds 
  Import took 0.062731 seconds .

========================================================================
Received Import Request.
  Time since last request: 0.768005 seconds.
  path: Assets/DiscordRichPresence/Editor/Plugins/DiscordSDK/x86_64
  artifactKey: Guid(050e0629584e2d54cbf84f0e0ed91c69) Importer(815301076,1909f56bfc062723c751e8b465ee728b)
Start importing Assets/DiscordRichPresence/Editor/Plugins/DiscordSDK/x86_64 using Guid(050e0629584e2d54cbf84f0e0ed91c69) Importer(815301076,1909f56bfc062723c751e8b465ee728b)  -> (artifact id: '00474d9851ee5784c4fb3b2d7b02a29c') in 0.066975 seconds 
  Import took 0.074577 seconds .

========================================================================
Received Import Request.
  Time since last request: 0.893054 seconds.
  path: Assets/DiscordRichPresence/Editor/Plugins/DiscordSDK/x86_64/discord_game_sdk.dll
  artifactKey: Guid(1727ecd695a502444b36efd0e5dacd34) Importer(815301076,1909f56bfc062723c751e8b465ee728b)
Start importing Assets/DiscordRichPresence/Editor/Plugins/DiscordSDK/x86_64/discord_game_sdk.dll using Guid(1727ecd695a502444b36efd0e5dacd34) Importer(815301076,1909f56bfc062723c751e8b465ee728b)  -> (artifact id: '0c4c8b3f2639e81f0b25efdea59c4b71') in 0.094081 seconds 
  Import took 0.101323 seconds .

========================================================================
Received Import Request.
  Time since last request: 0.064011 seconds.
  path: Assets/DiscordRichPresence/Editor/Plugins/DiscordSDK/x86_64/discord_game_sdk.dll
  artifactKey: Guid(1727ecd695a502444b36efd0e5dacd34) Importer(815301076,1909f56bfc062723c751e8b465ee728b)
Start importing Assets/DiscordRichPresence/Editor/Plugins/DiscordSDK/x86_64/discord_game_sdk.dll using Guid(1727ecd695a502444b36efd0e5dacd34) Importer(815301076,1909f56bfc062723c751e8b465ee728b)  -> (artifact id: '0c4c8b3f2639e81f0b25efdea59c4b71') in 0.080261 seconds 
  Import took 0.089808 seconds .

========================================================================
Received Import Request.
  Time since last request: 156.369986 seconds.
  path: Assets/DiscordRichPresence/package.json
  artifactKey: Guid(d6c6f38634ca76649b31df0c339545c0) Importer(815301076,1909f56bfc062723c751e8b465ee728b)
Start importing Assets/DiscordRichPresence/package.json using Guid(d6c6f38634ca76649b31df0c339545c0) Importer(815301076,1909f56bfc062723c751e8b465ee728b)  -> (artifact id: 'f17610ad72b17575f982102508976550') in 0.359440 seconds 
  Import took 0.363212 seconds .

========================================================================
Received Import Request.
  Time since last request: 8.810581 seconds.
  path: Assets/DiscordRichPresence/Editor/Scenes
  artifactKey: Guid(47a91a84510d64e4b83d9b05f706a282) Importer(815301076,1909f56bfc062723c751e8b465ee728b)
Start importing Assets/DiscordRichPresence/Editor/Scenes using Guid(47a91a84510d64e4b83d9b05f706a282) Importer(815301076,1909f56bfc062723c751e8b465ee728b)  -> (artifact id: '7472f035b134d826669faa17fe9e0946') in 0.058951 seconds 
  Import took 0.063042 seconds .

========================================================================
Received Prepare
Registering precompiled user dll's ...
Registered in 0.015502 seconds.
Begin MonoManager ReloadAssembly
Native extension for Lumin target not found
Native extension for LinuxStandalone target not found
Native extension for WindowsStandalone target not found
Native extension for OSXStandalone target not found
Native extension for WebGL target not found
Refreshing native plugins compatible for Editor in 0.59 ms, found 2 plugins.
Preloading 0 native plugins for Editor in 0.00 ms.
Mono: successfully reloaded assembly
- Completed reload, in  3.240 seconds
Domain Reload Profiling:
	ReloadAssembly (3257ms)
		BeginReloadAssembly (822ms)
			ExecutionOrderSort (0ms)
			DisableScriptedObjects (64ms)
			BackupInstance (0ms)
			ReleaseScriptingObjects (1ms)
			CreateAndSetChildDomain (501ms)
		EndReloadAssembly (2285ms)
			LoadAssemblies (267ms)
			RebuildTransferFunctionScriptingTraits (0ms)
			SetupTypeCache (922ms)
			ReleaseScriptCaches (2ms)
			RebuildScriptCaches (73ms)
			SetupLoadedEditorAssemblies (819ms)
				LogAssemblyErrors (0ms)
				InitializePlatformSupportModulesInManaged (24ms)
				SetLoadedEditorAssemblies (2ms)
				RefreshPlugins (1ms)
				BeforeProcessingInitializeOnLoad (222ms)
				ProcessInitializeOnLoadAttributes (549ms)
				ProcessInitializeOnLoadMethodAttributes (6ms)
				AfterProcessingInitializeOnLoad (15ms)
				EditorAssembliesLoaded (1ms)
			ExecutionOrderSort2 (0ms)
			AwakeInstancesAfterBackupRestoration (13ms)
Platform modules already initialized, skipping
Refreshing native plugins compatible for Editor in 0.54 ms, found 2 plugins.
Preloading 0 native plugins for Editor in 0.00 ms.
Unloading 1412 Unused Serialized files (Serialized files now loaded: 0)
System memory in use before: 82.3 MB.
System memory in use after: 82.4 MB.

Unloading 13 unused Assets to reduce memory usage. Loaded Objects now: 1922.
Total: 12.207600 ms (FindLiveObjects: 0.702500 ms CreateObjectMapping: 0.068000 ms MarkObjects: 11.164700 ms  DeleteObjects: 0.269800 ms)

AssetImportParameters requested are different than current active one (requested -> active):
  custom:framework-win-MediaFoundation: 216162199b28c13a410421893ffa2e32 -> 
  custom:video-decoder-ogg-theora: a1e56fd34408186e4bbccfd4996cb3dc -> 
  custom:container-muxer-webm: aa71ff27fc2769a1b78a27578f13a17b -> 
  custom:container-demuxer-webm: 4f35f7cbe854078d1ac9338744f61a02 -> 
  custom:container-demuxer-ogg: 62fdf1f143b41e24485cea50d1cbac27 -> 
  custom:video-encoder-webm-vp8: eb34c28f22e8b96e1ab97ce403110664 -> 
  custom:video-codec-MediaFoundation-h265: 746d11721c4dcdbdad8f713fa42b33f4 -> 
  custom:video-decoder-webm-vp8: 9c59270c3fd7afecdb556c50c9e8de78 -> 
  custom:audio-decoder-ogg-vorbis: bf7c407c2cedff20999df2af8eb42d56 -> 
  custom:audio-encoder-webm-vorbis: bf7c407c2cedff20999df2af8eb42d56 -> 
========================================================================
Received Prepare
Registering precompiled user dll's ...
Registered in 0.016391 seconds.
Begin MonoManager ReloadAssembly
Native extension for Lumin target not found
Native extension for LinuxStandalone target not found
Native extension for WindowsStandalone target not found
Native extension for OSXStandalone target not found
Native extension for WebGL target not found
Refreshing native plugins compatible for Editor in 141.28 ms, found 2 plugins.
Preloading 0 native plugins for Editor in 0.00 ms.
Mono: successfully reloaded assembly
- Completed reload, in  3.277 seconds
Domain Reload Profiling:
	ReloadAssembly (3300ms)
		BeginReloadAssembly (693ms)
			ExecutionOrderSort (0ms)
			DisableScriptedObjects (65ms)
			BackupInstance (0ms)
			ReleaseScriptingObjects (1ms)
			CreateAndSetChildDomain (392ms)
		EndReloadAssembly (2401ms)
			LoadAssemblies (267ms)
			RebuildTransferFunctionScriptingTraits (0ms)
			SetupTypeCache (613ms)
			ReleaseScriptCaches (2ms)
			RebuildScriptCaches (73ms)
			SetupLoadedEditorAssemblies (1119ms)
				LogAssemblyErrors (0ms)
				InitializePlatformSupportModulesInManaged (32ms)
				SetLoadedEditorAssemblies (13ms)
				RefreshPlugins (141ms)
				BeforeProcessingInitializeOnLoad (255ms)
				ProcessInitializeOnLoadAttributes (653ms)
				ProcessInitializeOnLoadMethodAttributes (9ms)
				AfterProcessingInitializeOnLoad (16ms)
				EditorAssembliesLoaded (0ms)
			ExecutionOrderSort2 (0ms)
			AwakeInstancesAfterBackupRestoration (19ms)
Platform modules already initialized, skipping
Refreshing native plugins compatible for Editor in 0.50 ms, found 2 plugins.
Preloading 0 native plugins for Editor in 0.00 ms.
Unloading 1412 Unused Serialized files (Serialized files now loaded: 0)
System memory in use before: 82.3 MB.
System memory in use after: 82.4 MB.

Unloading 13 unused Assets to reduce memory usage. Loaded Objects now: 1924.
Total: 16.597500 ms (FindLiveObjects: 0.271300 ms CreateObjectMapping: 0.057800 ms MarkObjects: 15.981000 ms  DeleteObjects: 0.284700 ms)

AssetImportParameters requested are different than current active one (requested -> active):
  custom:framework-win-MediaFoundation: 216162199b28c13a410421893ffa2e32 -> 
  custom:video-decoder-ogg-theora: a1e56fd34408186e4bbccfd4996cb3dc -> 
  custom:container-muxer-webm: aa71ff27fc2769a1b78a27578f13a17b -> 
  custom:container-demuxer-webm: 4f35f7cbe854078d1ac9338744f61a02 -> 
  custom:container-demuxer-ogg: 62fdf1f143b41e24485cea50d1cbac27 -> 
  custom:video-encoder-webm-vp8: eb34c28f22e8b96e1ab97ce403110664 -> 
  custom:video-codec-MediaFoundation-h265: 746d11721c4dcdbdad8f713fa42b33f4 -> 
  custom:video-decoder-webm-vp8: 9c59270c3fd7afecdb556c50c9e8de78 -> 
  custom:audio-decoder-ogg-vorbis: bf7c407c2cedff20999df2af8eb42d56 -> 
  custom:audio-encoder-webm-vorbis: bf7c407c2cedff20999df2af8eb42d56 -> 
========================================================================
Received Prepare
Registering precompiled user dll's ...
Registered in 0.016646 seconds.
Begin MonoManager ReloadAssembly
Native extension for Lumin target not found
Native extension for LinuxStandalone target not found
Native extension for WindowsStandalone target not found
Native extension for OSXStandalone target not found
Native extension for WebGL target not found
Refreshing native plugins compatible for Editor in 0.52 ms, found 2 plugins.
Preloading 0 native plugins for Editor in 0.00 ms.
Mono: successfully reloaded assembly
- Completed reload, in  2.316 seconds
Domain Reload Profiling:
	ReloadAssembly (2321ms)
		BeginReloadAssembly (344ms)
			ExecutionOrderSort (0ms)
			DisableScriptedObjects (17ms)
			BackupInstance (0ms)
			ReleaseScriptingObjects (0ms)
			CreateAndSetChildDomain (120ms)
		EndReloadAssembly (1845ms)
			LoadAssemblies (194ms)
			RebuildTransferFunctionScriptingTraits (0ms)
			SetupTypeCache (634ms)
			ReleaseScriptCaches (3ms)
			RebuildScriptCaches (71ms)
			SetupLoadedEditorAssemblies (757ms)
				LogAssemblyErrors (0ms)
				InitializePlatformSupportModulesInManaged (24ms)
				SetLoadedEditorAssemblies (1ms)
				RefreshPlugins (1ms)
				BeforeProcessingInitializeOnLoad (183ms)
				ProcessInitializeOnLoadAttributes (527ms)
				ProcessInitializeOnLoadMethodAttributes (6ms)
				AfterProcessingInitializeOnLoad (15ms)
				EditorAssembliesLoaded (0ms)
			ExecutionOrderSort2 (0ms)
			AwakeInstancesAfterBackupRestoration (16ms)
Platform modules already initialized, skipping
Refreshing native plugins compatible for Editor in 2.89 ms, found 2 plugins.
Preloading 0 native plugins for Editor in 0.00 ms.
Unloading 1412 Unused Serialized files (Serialized files now loaded: 0)
System memory in use before: 82.3 MB.
System memory in use after: 82.4 MB.

Unloading 13 unused Assets to reduce memory usage. Loaded Objects now: 1926.
Total: 5.539000 ms (FindLiveObjects: 0.239400 ms CreateObjectMapping: 0.063900 ms MarkObjects: 5.205500 ms  DeleteObjects: 0.027400 ms)

AssetImportParameters requested are different than current active one (requested -> active):
  custom:framework-win-MediaFoundation: 216162199b28c13a410421893ffa2e32 -> 
  custom:video-decoder-ogg-theora: a1e56fd34408186e4bbccfd4996cb3dc -> 
  custom:container-muxer-webm: aa71ff27fc2769a1b78a27578f13a17b -> 
  custom:container-demuxer-webm: 4f35f7cbe854078d1ac9338744f61a02 -> 
  custom:container-demuxer-ogg: 62fdf1f143b41e24485cea50d1cbac27 -> 
  custom:video-encoder-webm-vp8: eb34c28f22e8b96e1ab97ce403110664 -> 
  custom:video-codec-MediaFoundation-h265: 746d11721c4dcdbdad8f713fa42b33f4 -> 
  custom:video-decoder-webm-vp8: 9c59270c3fd7afecdb556c50c9e8de78 -> 
  custom:audio-decoder-ogg-vorbis: bf7c407c2cedff20999df2af8eb42d56 -> 
  custom:audio-encoder-webm-vorbis: bf7c407c2cedff20999df2af8eb42d56 -> 
========================================================================
Received Prepare
Registering precompiled user dll's ...
Registered in 0.011033 seconds.
Begin MonoManager ReloadAssembly
Native extension for Lumin target not found
Native extension for LinuxStandalone target not found
Native extension for WindowsStandalone target not found
Native extension for OSXStandalone target not found
Native extension for WebGL target not found
Refreshing native plugins compatible for Editor in 0.50 ms, found 2 plugins.
Preloading 0 native plugins for Editor in 0.00 ms.
Mono: successfully reloaded assembly
- Completed reload, in  2.204 seconds
Domain Reload Profiling:
	ReloadAssembly (2205ms)
		BeginReloadAssembly (228ms)
			ExecutionOrderSort (0ms)
			DisableScriptedObjects (10ms)
			BackupInstance (0ms)
			ReleaseScriptingObjects (0ms)
			CreateAndSetChildDomain (52ms)
		EndReloadAssembly (1819ms)
			LoadAssemblies (199ms)
			RebuildTransferFunctionScriptingTraits (0ms)
			SetupTypeCache (621ms)
			ReleaseScriptCaches (2ms)
			RebuildScriptCaches (75ms)
			SetupLoadedEditorAssemblies (752ms)
				LogAssemblyErrors (0ms)
				InitializePlatformSupportModulesInManaged (17ms)
				SetLoadedEditorAssemblies (1ms)
				RefreshPlugins (1ms)
				BeforeProcessingInitializeOnLoad (157ms)
				ProcessInitializeOnLoadAttributes (554ms)
				ProcessInitializeOnLoadMethodAttributes (6ms)
				AfterProcessingInitializeOnLoad (15ms)
				EditorAssembliesLoaded (0ms)
			ExecutionOrderSort2 (0ms)
			AwakeInstancesAfterBackupRestoration (14ms)
Platform modules already initialized, skipping
Refreshing native plugins compatible for Editor in 0.57 ms, found 2 plugins.
Preloading 0 native plugins for Editor in 0.00 ms.
Unloading 1412 Unused Serialized files (Serialized files now loaded: 0)
System memory in use before: 82.3 MB.
System memory in use after: 82.4 MB.

Unloading 13 unused Assets to reduce memory usage. Loaded Objects now: 1928.
Total: 4.659100 ms (FindLiveObjects: 0.243700 ms CreateObjectMapping: 0.061600 ms MarkObjects: 4.296100 ms  DeleteObjects: 0.055700 ms)

AssetImportParameters requested are different than current active one (requested -> active):
  custom:framework-win-MediaFoundation: 216162199b28c13a410421893ffa2e32 -> 
  custom:video-decoder-ogg-theora: a1e56fd34408186e4bbccfd4996cb3dc -> 
  custom:container-muxer-webm: aa71ff27fc2769a1b78a27578f13a17b -> 
  custom:container-demuxer-webm: 4f35f7cbe854078d1ac9338744f61a02 -> 
  custom:container-demuxer-ogg: 62fdf1f143b41e24485cea50d1cbac27 -> 
  custom:video-encoder-webm-vp8: eb34c28f22e8b96e1ab97ce403110664 -> 
  custom:video-codec-MediaFoundation-h265: 746d11721c4dcdbdad8f713fa42b33f4 -> 
  custom:video-decoder-webm-vp8: 9c59270c3fd7afecdb556c50c9e8de78 -> 
  custom:audio-decoder-ogg-vorbis: bf7c407c2cedff20999df2af8eb42d56 -> 
  custom:audio-encoder-webm-vorbis: bf7c407c2cedff20999df2af8eb42d56 -> 
========================================================================
Received Import Request.
  Time since last request: 586.962985 seconds.
  path: Assets/LowPoly/Low Poly Weapons VOL.2/Exemple_Prefabs/Special_Force_M4.prefab
  artifactKey: Guid(6394dba8c08db8b4ba0774a3b077ef6d) Importer(815301076,1909f56bfc062723c751e8b465ee728b)
Start importing Assets/LowPoly/Low Poly Weapons VOL.2/Exemple_Prefabs/Special_Force_M4.prefab using Guid(6394dba8c08db8b4ba0774a3b077ef6d) Importer(815301076,1909f56bfc062723c751e8b465ee728b)  -> (artifact id: 'f3cf44592ac96fa0e7bc657577f4c968') in 0.284481 seconds 
  Import took 0.297965 seconds .

========================================================================
Received Prepare
Registering precompiled user dll's ...
Registered in 0.016343 seconds.
Begin MonoManager ReloadAssembly
Native extension for Lumin target not found
Native extension for LinuxStandalone target not found
Native extension for WindowsStandalone target not found
Native extension for OSXStandalone target not found
Native extension for WebGL target not found
Refreshing native plugins compatible for Editor in 0.59 ms, found 2 plugins.
Preloading 0 native plugins for Editor in 0.00 ms.
Mono: successfully reloaded assembly
- Completed reload, in  5.138 seconds
Domain Reload Profiling:
	ReloadAssembly (5263ms)
		BeginReloadAssembly (1772ms)
			ExecutionOrderSort (0ms)
			DisableScriptedObjects (62ms)
			BackupInstance (0ms)
			ReleaseScriptingObjects (0ms)
			CreateAndSetChildDomain (1038ms)
		EndReloadAssembly (3227ms)
			LoadAssemblies (659ms)
			RebuildTransferFunctionScriptingTraits (0ms)
			SetupTypeCache (666ms)
			ReleaseScriptCaches (4ms)
			RebuildScriptCaches (233ms)
			SetupLoadedEditorAssemblies (1576ms)
				LogAssemblyErrors (0ms)
				InitializePlatformSupportModulesInManaged (33ms)
				SetLoadedEditorAssemblies (3ms)
				RefreshPlugins (1ms)
				BeforeProcessingInitializeOnLoad (229ms)
				ProcessInitializeOnLoadAttributes (1287ms)
				ProcessInitializeOnLoadMethodAttributes (8ms)
				AfterProcessingInitializeOnLoad (15ms)
				EditorAssembliesLoaded (1ms)
			ExecutionOrderSort2 (0ms)
			AwakeInstancesAfterBackupRestoration (13ms)
Platform modules already initialized, skipping
Refreshing native plugins compatible for Editor in 0.53 ms, found 2 plugins.
Preloading 0 native plugins for Editor in 0.00 ms.
Unloading 1412 Unused Serialized files (Serialized files now loaded: 0)
System memory in use before: 82.3 MB.
System memory in use after: 82.4 MB.

Unloading 13 unused Assets to reduce memory usage. Loaded Objects now: 1931.
Total: 15.456900 ms (FindLiveObjects: 0.624500 ms CreateObjectMapping: 0.064200 ms MarkObjects: 14.642400 ms  DeleteObjects: 0.122000 ms)

AssetImportParameters requested are different than current active one (requested -> active):
  custom:framework-win-MediaFoundation: 216162199b28c13a410421893ffa2e32 -> 
  custom:video-decoder-ogg-theora: a1e56fd34408186e4bbccfd4996cb3dc -> 
  custom:container-muxer-webm: aa71ff27fc2769a1b78a27578f13a17b -> 
  custom:container-demuxer-webm: 4f35f7cbe854078d1ac9338744f61a02 -> 
  custom:container-demuxer-ogg: 62fdf1f143b41e24485cea50d1cbac27 -> 
  custom:video-encoder-webm-vp8: eb34c28f22e8b96e1ab97ce403110664 -> 
  custom:video-codec-MediaFoundation-h265: 746d11721c4dcdbdad8f713fa42b33f4 -> 
  custom:video-decoder-webm-vp8: 9c59270c3fd7afecdb556c50c9e8de78 -> 
  custom:audio-decoder-ogg-vorbis: bf7c407c2cedff20999df2af8eb42d56 -> 
  custom:audio-encoder-webm-vorbis: bf7c407c2cedff20999df2af8eb42d56 -> 
========================================================================
Received Prepare
Registering precompiled user dll's ...
Registered in 0.033362 seconds.
Begin MonoManager ReloadAssembly
Native extension for Lumin target not found
Native extension for LinuxStandalone target not found
Native extension for WindowsStandalone target not found
Native extension for OSXStandalone target not found
Native extension for WebGL target not found
Refreshing native plugins compatible for Editor in 0.60 ms, found 2 plugins.
Preloading 0 native plugins for Editor in 0.00 ms.
Mono: successfully reloaded assembly
- Completed reload, in  2.449 seconds
Domain Reload Profiling:
	ReloadAssembly (2449ms)
		BeginReloadAssembly (219ms)
			ExecutionOrderSort (0ms)
			DisableScriptedObjects (9ms)
			BackupInstance (0ms)
			ReleaseScriptingObjects (0ms)
			CreateAndSetChildDomain (62ms)
		EndReloadAssembly (2031ms)
			LoadAssemblies (203ms)
			RebuildTransferFunctionScriptingTraits (0ms)
			SetupTypeCache (657ms)
			ReleaseScriptCaches (1ms)
			RebuildScriptCaches (74ms)
			SetupLoadedEditorAssemblies (805ms)
				LogAssemblyErrors (0ms)
				InitializePlatformSupportModulesInManaged (16ms)
				SetLoadedEditorAssemblies (5ms)
				RefreshPlugins (1ms)
				BeforeProcessingInitializeOnLoad (152ms)
				ProcessInitializeOnLoadAttributes (602ms)
				ProcessInitializeOnLoadMethodAttributes (9ms)
				AfterProcessingInitializeOnLoad (20ms)
				EditorAssembliesLoaded (0ms)
			ExecutionOrderSort2 (0ms)
			AwakeInstancesAfterBackupRestoration (14ms)
Platform modules already initialized, skipping
Refreshing native plugins compatible for Editor in 0.56 ms, found 2 plugins.
Preloading 0 native plugins for Editor in 0.00 ms.
Unloading 1412 Unused Serialized files (Serialized files now loaded: 0)
System memory in use before: 82.3 MB.
System memory in use after: 82.4 MB.

Unloading 13 unused Assets to reduce memory usage. Loaded Objects now: 1933.
Total: 4.599500 ms (FindLiveObjects: 0.243200 ms CreateObjectMapping: 0.054400 ms MarkObjects: 4.273600 ms  DeleteObjects: 0.026400 ms)

AssetImportParameters requested are different than current active one (requested -> active):
  custom:framework-win-MediaFoundation: 216162199b28c13a410421893ffa2e32 -> 
  custom:video-decoder-ogg-theora: a1e56fd34408186e4bbccfd4996cb3dc -> 
  custom:container-muxer-webm: aa71ff27fc2769a1b78a27578f13a17b -> 
  custom:container-demuxer-webm: 4f35f7cbe854078d1ac9338744f61a02 -> 
  custom:container-demuxer-ogg: 62fdf1f143b41e24485cea50d1cbac27 -> 
  custom:video-encoder-webm-vp8: eb34c28f22e8b96e1ab97ce403110664 -> 
  custom:video-codec-MediaFoundation-h265: 746d11721c4dcdbdad8f713fa42b33f4 -> 
  custom:video-decoder-webm-vp8: 9c59270c3fd7afecdb556c50c9e8de78 -> 
  custom:audio-decoder-ogg-vorbis: bf7c407c2cedff20999df2af8eb42d56 -> 
  custom:audio-encoder-webm-vorbis: bf7c407c2cedff20999df2af8eb42d56 -> 
========================================================================
Received Prepare
Registering precompiled user dll's ...
Registered in 0.013255 seconds.
Begin MonoManager ReloadAssembly
Native extension for Lumin target not found
Native extension for LinuxStandalone target not found
Native extension for WindowsStandalone target not found
Native extension for OSXStandalone target not found
Native extension for WebGL target not found
Refreshing native plugins compatible for Editor in 0.50 ms, found 2 plugins.
Preloading 0 native plugins for Editor in 0.00 ms.
Mono: successfully reloaded assembly
- Completed reload, in  1.993 seconds
Domain Reload Profiling:
	ReloadAssembly (1993ms)
		BeginReloadAssembly (192ms)
			ExecutionOrderSort (0ms)
			DisableScriptedObjects (10ms)
			BackupInstance (0ms)
			ReleaseScriptingObjects (0ms)
			CreateAndSetChildDomain (51ms)
		EndReloadAssembly (1672ms)
			LoadAssemblies (196ms)
			RebuildTransferFunctionScriptingTraits (0ms)
			SetupTypeCache (500ms)
			ReleaseScriptCaches (1ms)
			RebuildScriptCaches (68ms)
			SetupLoadedEditorAssemblies (726ms)
				LogAssemblyErrors (0ms)
				InitializePlatformSupportModulesInManaged (16ms)
				SetLoadedEditorAssemblies (1ms)
				RefreshPlugins (1ms)
				BeforeProcessingInitializeOnLoad (150ms)
				ProcessInitializeOnLoadAttributes (537ms)
				ProcessInitializeOnLoadMethodAttributes (6ms)
				AfterProcessingInitializeOnLoad (15ms)
				EditorAssembliesLoaded (1ms)
			ExecutionOrderSort2 (0ms)
			AwakeInstancesAfterBackupRestoration (13ms)
Platform modules already initialized, skipping
Refreshing native plugins compatible for Editor in 0.65 ms, found 2 plugins.
Preloading 0 native plugins for Editor in 0.00 ms.
Unloading 1412 Unused Serialized files (Serialized files now loaded: 0)
System memory in use before: 82.3 MB.
System memory in use after: 82.4 MB.

Unloading 13 unused Assets to reduce memory usage. Loaded Objects now: 1935.
Total: 4.970800 ms (FindLiveObjects: 0.255100 ms CreateObjectMapping: 0.061900 ms MarkObjects: 4.620700 ms  DeleteObjects: 0.030100 ms)

AssetImportParameters requested are different than current active one (requested -> active):
  custom:framework-win-MediaFoundation: 216162199b28c13a410421893ffa2e32 -> 
  custom:video-decoder-ogg-theora: a1e56fd34408186e4bbccfd4996cb3dc -> 
  custom:container-muxer-webm: aa71ff27fc2769a1b78a27578f13a17b -> 
  custom:container-demuxer-webm: 4f35f7cbe854078d1ac9338744f61a02 -> 
  custom:container-demuxer-ogg: 62fdf1f143b41e24485cea50d1cbac27 -> 
  custom:video-encoder-webm-vp8: eb34c28f22e8b96e1ab97ce403110664 -> 
  custom:video-codec-MediaFoundation-h265: 746d11721c4dcdbdad8f713fa42b33f4 -> 
  custom:video-decoder-webm-vp8: 9c59270c3fd7afecdb556c50c9e8de78 -> 
  custom:audio-decoder-ogg-vorbis: bf7c407c2cedff20999df2af8eb42d56 -> 
  custom:audio-encoder-webm-vorbis: bf7c407c2cedff20999df2af8eb42d56 -> 
========================================================================
Received Import Request.
  Time since last request: 727.043753 seconds.
  path: Assets/Scripts/Player/Weapons/SpecialForce.asset
  artifactKey: Guid(bda642bd876cabc4ca3c133624a10df5) Importer(815301076,1909f56bfc062723c751e8b465ee728b)
Start importing Assets/Scripts/Player/Weapons/SpecialForce.asset using Guid(bda642bd876cabc4ca3c133624a10df5) Importer(815301076,1909f56bfc062723c751e8b465ee728b)  -> (artifact id: '98ae49c932aeb573ccd4a075c0ec23a2') in 10.263479 seconds 
  Import took 10.747422 seconds .

========================================================================
Received Prepare
Registering precompiled user dll's ...
Registered in 0.012357 seconds.
Begin MonoManager ReloadAssembly
Native extension for Lumin target not found
Native extension for LinuxStandalone target not found
Native extension for WindowsStandalone target not found
Native extension for OSXStandalone target not found
Native extension for WebGL target not found
Refreshing native plugins compatible for Editor in 0.57 ms, found 2 plugins.
Preloading 0 native plugins for Editor in 0.00 ms.
Mono: successfully reloaded assembly
- Completed reload, in  7.457 seconds
Domain Reload Profiling:
	ReloadAssembly (7477ms)
		BeginReloadAssembly (867ms)
			ExecutionOrderSort (0ms)
			DisableScriptedObjects (73ms)
			BackupInstance (0ms)
			ReleaseScriptingObjects (1ms)
			CreateAndSetChildDomain (563ms)
		EndReloadAssembly (6073ms)
			LoadAssemblies (301ms)
			RebuildTransferFunctionScriptingTraits (0ms)
			SetupTypeCache (2194ms)
			ReleaseScriptCaches (8ms)
			RebuildScriptCaches (128ms)
			SetupLoadedEditorAssemblies (2480ms)
				LogAssemblyErrors (0ms)
				InitializePlatformSupportModulesInManaged (44ms)
				SetLoadedEditorAssemblies (6ms)
				RefreshPlugins (1ms)
				BeforeProcessingInitializeOnLoad (471ms)
				ProcessInitializeOnLoadAttributes (1839ms)
				ProcessInitializeOnLoadMethodAttributes (53ms)
				AfterProcessingInitializeOnLoad (64ms)
				EditorAssembliesLoaded (2ms)
			ExecutionOrderSort2 (0ms)
			AwakeInstancesAfterBackupRestoration (37ms)
Platform modules already initialized, skipping
Refreshing native plugins compatible for Editor in 0.72 ms, found 2 plugins.
Preloading 0 native plugins for Editor in 0.00 ms.
Unloading 1412 Unused Serialized files (Serialized files now loaded: 0)
System memory in use before: 82.3 MB.
System memory in use after: 82.5 MB.

Unloading 13 unused Assets to reduce memory usage. Loaded Objects now: 1937.
Total: 7.558500 ms (FindLiveObjects: 0.259800 ms CreateObjectMapping: 0.054200 ms MarkObjects: 7.007200 ms  DeleteObjects: 0.235000 ms)

AssetImportParameters requested are different than current active one (requested -> active):
  custom:framework-win-MediaFoundation: 216162199b28c13a410421893ffa2e32 -> 
  custom:video-decoder-ogg-theora: a1e56fd34408186e4bbccfd4996cb3dc -> 
  custom:container-muxer-webm: aa71ff27fc2769a1b78a27578f13a17b -> 
  custom:container-demuxer-webm: 4f35f7cbe854078d1ac9338744f61a02 -> 
  custom:container-demuxer-ogg: 62fdf1f143b41e24485cea50d1cbac27 -> 
  custom:video-encoder-webm-vp8: eb34c28f22e8b96e1ab97ce403110664 -> 
  custom:video-codec-MediaFoundation-h265: 746d11721c4dcdbdad8f713fa42b33f4 -> 
  custom:video-decoder-webm-vp8: 9c59270c3fd7afecdb556c50c9e8de78 -> 
  custom:audio-decoder-ogg-vorbis: bf7c407c2cedff20999df2af8eb42d56 -> 
  custom:audio-encoder-webm-vorbis: bf7c407c2cedff20999df2af8eb42d56 -> 
========================================================================
Received Prepare
Registering precompiled user dll's ...
Registered in 0.038094 seconds.
Begin MonoManager ReloadAssembly
Native extension for Lumin target not found
Native extension for LinuxStandalone target not found
Native extension for WindowsStandalone target not found
Native extension for OSXStandalone target not found
Native extension for WebGL target not found
Refreshing native plugins compatible for Editor in 0.52 ms, found 2 plugins.
Preloading 0 native plugins for Editor in 0.00 ms.
Mono: successfully reloaded assembly
- Completed reload, in  3.124 seconds
Domain Reload Profiling:
	ReloadAssembly (3125ms)
		BeginReloadAssembly (336ms)
			ExecutionOrderSort (0ms)
			DisableScriptedObjects (10ms)
			BackupInstance (0ms)
			ReleaseScriptingObjects (0ms)
			CreateAndSetChildDomain (69ms)
		EndReloadAssembly (2637ms)
			LoadAssemblies (352ms)
			RebuildTransferFunctionScriptingTraits (0ms)
			SetupTypeCache (1120ms)
			ReleaseScriptCaches (2ms)
			RebuildScriptCaches (110ms)
			SetupLoadedEditorAssemblies (893ms)
				LogAssemblyErrors (0ms)
				InitializePlatformSupportModulesInManaged (21ms)
				SetLoadedEditorAssemblies (1ms)
				RefreshPlugins (1ms)
				BeforeProcessingInitializeOnLoad (230ms)
				ProcessInitializeOnLoadAttributes (618ms)
				ProcessInitializeOnLoadMethodAttributes (7ms)
				AfterProcessingInitializeOnLoad (14ms)
				EditorAssembliesLoaded (1ms)
			ExecutionOrderSort2 (0ms)
			AwakeInstancesAfterBackupRestoration (12ms)
Platform modules already initialized, skipping
Refreshing native plugins compatible for Editor in 0.51 ms, found 2 plugins.
Preloading 0 native plugins for Editor in 0.00 ms.
Unloading 1412 Unused Serialized files (Serialized files now loaded: 0)
System memory in use before: 82.3 MB.
System memory in use after: 82.5 MB.

Unloading 13 unused Assets to reduce memory usage. Loaded Objects now: 1939.
Total: 6.532600 ms (FindLiveObjects: 0.260400 ms CreateObjectMapping: 0.053400 ms MarkObjects: 6.185500 ms  DeleteObjects: 0.031300 ms)

AssetImportParameters requested are different than current active one (requested -> active):
  custom:framework-win-MediaFoundation: 216162199b28c13a410421893ffa2e32 -> 
  custom:video-decoder-ogg-theora: a1e56fd34408186e4bbccfd4996cb3dc -> 
  custom:container-muxer-webm: aa71ff27fc2769a1b78a27578f13a17b -> 
  custom:container-demuxer-webm: 4f35f7cbe854078d1ac9338744f61a02 -> 
  custom:container-demuxer-ogg: 62fdf1f143b41e24485cea50d1cbac27 -> 
  custom:video-encoder-webm-vp8: eb34c28f22e8b96e1ab97ce403110664 -> 
  custom:video-codec-MediaFoundation-h265: 746d11721c4dcdbdad8f713fa42b33f4 -> 
  custom:video-decoder-webm-vp8: 9c59270c3fd7afecdb556c50c9e8de78 -> 
  custom:audio-decoder-ogg-vorbis: bf7c407c2cedff20999df2af8eb42d56 -> 
  custom:audio-encoder-webm-vorbis: bf7c407c2cedff20999df2af8eb42d56 -> 
========================================================================
Received Prepare
Registering precompiled user dll's ...
Registered in 0.011319 seconds.
Begin MonoManager ReloadAssembly
Native extension for Lumin target not found
Native extension for LinuxStandalone target not found
Native extension for WindowsStandalone target not found
Native extension for OSXStandalone target not found
Native extension for WebGL target not found
Refreshing native plugins compatible for Editor in 0.51 ms, found 2 plugins.
Preloading 0 native plugins for Editor in 0.00 ms.
Mono: successfully reloaded assembly
- Completed reload, in  2.778 seconds
Domain Reload Profiling:
	ReloadAssembly (2778ms)
		BeginReloadAssembly (209ms)
			ExecutionOrderSort (0ms)
			DisableScriptedObjects (8ms)
			BackupInstance (0ms)
			ReleaseScriptingObjects (0ms)
			CreateAndSetChildDomain (53ms)
		EndReloadAssembly (2421ms)
			LoadAssemblies (230ms)
			RebuildTransferFunctionScriptingTraits (0ms)
			SetupTypeCache (707ms)
			ReleaseScriptCaches (1ms)
			RebuildScriptCaches (100ms)
			SetupLoadedEditorAssemblies (1153ms)
				LogAssemblyErrors (0ms)
				InitializePlatformSupportModulesInManaged (18ms)
				SetLoadedEditorAssemblies (1ms)
				RefreshPlugins (1ms)
				BeforeProcessingInitializeOnLoad (163ms)
				ProcessInitializeOnLoadAttributes (943ms)
				ProcessInitializeOnLoadMethodAttributes (11ms)
				AfterProcessingInitializeOnLoad (17ms)
				EditorAssembliesLoaded (1ms)
			ExecutionOrderSort2 (0ms)
			AwakeInstancesAfterBackupRestoration (24ms)
Platform modules already initialized, skipping
Refreshing native plugins compatible for Editor in 0.94 ms, found 2 plugins.
Preloading 0 native plugins for Editor in 0.00 ms.
Unloading 1412 Unused Serialized files (Serialized files now loaded: 0)
System memory in use before: 82.4 MB.
System memory in use after: 82.5 MB.

Unloading 13 unused Assets to reduce memory usage. Loaded Objects now: 1941.
Total: 5.051600 ms (FindLiveObjects: 0.230600 ms CreateObjectMapping: 0.052800 ms MarkObjects: 4.740900 ms  DeleteObjects: 0.025400 ms)

AssetImportParameters requested are different than current active one (requested -> active):
  custom:framework-win-MediaFoundation: 216162199b28c13a410421893ffa2e32 -> 
  custom:video-decoder-ogg-theora: a1e56fd34408186e4bbccfd4996cb3dc -> 
  custom:container-muxer-webm: aa71ff27fc2769a1b78a27578f13a17b -> 
  custom:container-demuxer-webm: 4f35f7cbe854078d1ac9338744f61a02 -> 
  custom:container-demuxer-ogg: 62fdf1f143b41e24485cea50d1cbac27 -> 
  custom:video-encoder-webm-vp8: eb34c28f22e8b96e1ab97ce403110664 -> 
  custom:video-codec-MediaFoundation-h265: 746d11721c4dcdbdad8f713fa42b33f4 -> 
  custom:video-decoder-webm-vp8: 9c59270c3fd7afecdb556c50c9e8de78 -> 
  custom:audio-decoder-ogg-vorbis: bf7c407c2cedff20999df2af8eb42d56 -> 
  custom:audio-encoder-webm-vorbis: bf7c407c2cedff20999df2af8eb42d56 -> 
========================================================================
Received Import Request.
  Time since last request: 52.629733 seconds.
  path: Assets/LowPoly/Low Poly Weapons VOL.2/Exemple_Prefabs/Special_Force_M4.prefab
  artifactKey: Guid(6394dba8c08db8b4ba0774a3b077ef6d) Importer(815301076,1909f56bfc062723c751e8b465ee728b)
Start importing Assets/LowPoly/Low Poly Weapons VOL.2/Exemple_Prefabs/Special_Force_M4.prefab using Guid(6394dba8c08db8b4ba0774a3b077ef6d) Importer(815301076,1909f56bfc062723c751e8b465ee728b)  -> (artifact id: '100effdef5175d4f8cdc786646ec010d') in 0.353869 seconds 
  Import took 0.358320 seconds .

========================================================================
Received Import Request.
  Time since last request: 1.174246 seconds.
  path: Assets/LowPoly/Low Poly Weapons VOL.2/Exemple_Prefabs/Special_Force_M4.prefab
  artifactKey: Guid(6394dba8c08db8b4ba0774a3b077ef6d) Importer(815301076,1909f56bfc062723c751e8b465ee728b)
Start importing Assets/LowPoly/Low Poly Weapons VOL.2/Exemple_Prefabs/Special_Force_M4.prefab using Guid(6394dba8c08db8b4ba0774a3b077ef6d) Importer(815301076,1909f56bfc062723c751e8b465ee728b)  -> (artifact id: 'eb98a093f2de8fad79284e8390bc712d') in 0.132728 seconds 
  Import took 0.148452 seconds .

========================================================================
Received Prepare
Registering precompiled user dll's ...
Registered in 0.027163 seconds.
Begin MonoManager ReloadAssembly
Native extension for Lumin target not found
Native extension for LinuxStandalone target not found
Native extension for WindowsStandalone target not found
Native extension for OSXStandalone target not found
Native extension for WebGL target not found
Refreshing native plugins compatible for Editor in 1.08 ms, found 2 plugins.
Preloading 0 native plugins for Editor in 0.00 ms.
Mono: successfully reloaded assembly
- Completed reload, in  3.897 seconds
Domain Reload Profiling:
	ReloadAssembly (3898ms)
		BeginReloadAssembly (338ms)
			ExecutionOrderSort (0ms)
			DisableScriptedObjects (19ms)
			BackupInstance (0ms)
			ReleaseScriptingObjects (1ms)
			CreateAndSetChildDomain (99ms)
		EndReloadAssembly (3300ms)
			LoadAssemblies (329ms)
			RebuildTransferFunctionScriptingTraits (1ms)
			SetupTypeCache (923ms)
			ReleaseScriptCaches (1ms)
			RebuildScriptCaches (106ms)
			SetupLoadedEditorAssemblies (1681ms)
				LogAssemblyErrors (0ms)
				InitializePlatformSupportModulesInManaged (25ms)
				SetLoadedEditorAssemblies (2ms)
				RefreshPlugins (4ms)
				BeforeProcessingInitializeOnLoad (768ms)
				ProcessInitializeOnLoadAttributes (839ms)
				ProcessInitializeOnLoadMethodAttributes (21ms)
				AfterProcessingInitializeOnLoad (22ms)
				EditorAssembliesLoaded (0ms)
			ExecutionOrderSort2 (0ms)
			AwakeInstancesAfterBackupRestoration (19ms)
Platform modules already initialized, skipping
Refreshing native plugins compatible for Editor in 0.52 ms, found 2 plugins.
Preloading 0 native plugins for Editor in 0.00 ms.
Unloading 1412 Unused Serialized files (Serialized files now loaded: 0)
System memory in use before: 82.4 MB.
System memory in use after: 82.5 MB.

Unloading 13 unused Assets to reduce memory usage. Loaded Objects now: 1944.
Total: 5.005500 ms (FindLiveObjects: 0.235000 ms CreateObjectMapping: 0.055300 ms MarkObjects: 4.659700 ms  DeleteObjects: 0.053700 ms)

AssetImportParameters requested are different than current active one (requested -> active):
  custom:framework-win-MediaFoundation: 216162199b28c13a410421893ffa2e32 -> 
  custom:video-decoder-ogg-theora: a1e56fd34408186e4bbccfd4996cb3dc -> 
  custom:container-muxer-webm: aa71ff27fc2769a1b78a27578f13a17b -> 
  custom:container-demuxer-webm: 4f35f7cbe854078d1ac9338744f61a02 -> 
  custom:container-demuxer-ogg: 62fdf1f143b41e24485cea50d1cbac27 -> 
  custom:video-encoder-webm-vp8: eb34c28f22e8b96e1ab97ce403110664 -> 
  custom:video-codec-MediaFoundation-h265: 746d11721c4dcdbdad8f713fa42b33f4 -> 
  custom:video-decoder-webm-vp8: 9c59270c3fd7afecdb556c50c9e8de78 -> 
  custom:audio-decoder-ogg-vorbis: bf7c407c2cedff20999df2af8eb42d56 -> 
  custom:audio-encoder-webm-vorbis: bf7c407c2cedff20999df2af8eb42d56 -> 
AssetImportWorkerClient::OnTransportError - code=2 error=End of file
