Using pre-set license
Built from '2020.3/staging' branch; Version is '2020.3.17f1 (a4537701e4ab) revision 10769271'; Using compiler version '192528614'; Build Type 'Release'
OS: 'Windows 10 Home; OS build 19043.1165; Version 2009; 64bit' Language: 'de' Physical Memory: 3460 MB
BatchMode: 1, IsHumanControllingUs: 0, StartBugReporterOnCrash: 0, Is64bit: 1, IsPro: 0

COMMAND LINE ARGUMENTS:
C:\Program Files\Unity\Hub\Editor\2020.3.17f1\Editor\Unity.exe
-adb2
-batchMode
-noUpm
-name
AssetImportWorker3
-projectPath
C:/Users/ovett/Documents/PaintJam 2021.1/UndeathTsunami/New Unity Project
-logFile
Logs/AssetImportWorker3.log
-srvPort
56494
Successfully changed project path to: C:/Users/ovett/Documents/PaintJam 2021.1/UndeathTsunami/New Unity Project
C:/Users/ovett/Documents/PaintJam 2021.1/UndeathTsunami/New Unity Project
Using Asset Import Pipeline V2.
Refreshing native plugins compatible for Editor in 65.00 ms, found 3 plugins.
Preloading 0 native plugins for Editor in 0.00 ms.
Initialize engine version: 2020.3.17f1 (a4537701e4ab)
[Subsystems] Discovering subsystems at path C:/Program Files/Unity/Hub/Editor/2020.3.17f1/Editor/Data/Resources/UnitySubsystems
[Subsystems] Discovering subsystems at path C:/Users/ovett/Documents/PaintJam 2021.1/UndeathTsunami/New Unity Project/Assets
GfxDevice: creating device client; threaded=0
Direct3D:
    Version:  Direct3D 11.0 [level 11.1]
    Renderer: AMD Radeon(TM) Graphics (ID=0x15d8)
    Vendor:   
    VRAM:     1730 MB
    Driver:   27.20.11028.10001
Initialize mono
Mono path[0] = 'C:/Program Files/Unity/Hub/Editor/2020.3.17f1/Editor/Data/Managed'
Mono path[1] = 'C:/Program Files/Unity/Hub/Editor/2020.3.17f1/Editor/Data/MonoBleedingEdge/lib/mono/unityjit'
Mono config path = 'C:/Program Files/Unity/Hub/Editor/2020.3.17f1/Editor/Data/MonoBleedingEdge/etc'
Using monoOptions --debugger-agent=transport=dt_socket,embedding=1,server=y,suspend=n,address=127.0.0.1:56684
Begin MonoManager ReloadAssembly
Registering precompiled unity dll's ...
Register platform support module: C:/Program Files/Unity/Hub/Editor/2020.3.17f1/Editor/Data/PlaybackEngines/WebGLSupport/UnityEditor.WebGL.Extensions.dll
Register platform support module: C:/Program Files/Unity/Hub/Editor/2020.3.17f1/Editor/Data/PlaybackEngines/MacStandaloneSupport/UnityEditor.OSXStandalone.Extensions.dll
Register platform support module: C:/Program Files/Unity/Hub/Editor/2020.3.17f1/Editor/Data/PlaybackEngines/WindowsStandaloneSupport/UnityEditor.WindowsStandalone.Extensions.dll
Register platform support module: C:/Program Files/Unity/Hub/Editor/2020.3.17f1/Editor/Data/PlaybackEngines/LinuxStandaloneSupport/UnityEditor.LinuxStandalone.Extensions.dll
Register platform support module: C:/Program Files/Unity/Hub/Editor/2020.3.17f1/Editor/Data/PlaybackEngines/LuminSupport/UnityEditor.Lumin.Extensions.dll
Registered in 0.013463 seconds.
Native extension for Lumin target not found
Native extension for LinuxStandalone target not found
Native extension for WindowsStandalone target not found
Native extension for OSXStandalone target not found
Native extension for WebGL target not found
Refreshing native plugins compatible for Editor in 74.11 ms, found 3 plugins.
Preloading 0 native plugins for Editor in 0.00 ms.
Mono: successfully reloaded assembly
- Completed reload, in 10.972 seconds
Domain Reload Profiling:
	ReloadAssembly (10973ms)
		BeginReloadAssembly (113ms)
			ExecutionOrderSort (0ms)
			DisableScriptedObjects (0ms)
			BackupInstance (0ms)
			ReleaseScriptingObjects (0ms)
			CreateAndSetChildDomain (1ms)
		EndReloadAssembly (1372ms)
			LoadAssemblies (113ms)
			RebuildTransferFunctionScriptingTraits (2ms)
			SetupTypeCache (409ms)
			ReleaseScriptCaches (0ms)
			RebuildScriptCaches (99ms)
			SetupLoadedEditorAssemblies (544ms)
				LogAssemblyErrors (0ms)
				InitializePlatformSupportModulesInManaged (19ms)
				SetLoadedEditorAssemblies (0ms)
				RefreshPlugins (74ms)
				BeforeProcessingInitializeOnLoad (48ms)
				ProcessInitializeOnLoadAttributes (203ms)
				ProcessInitializeOnLoadMethodAttributes (199ms)
				AfterProcessingInitializeOnLoad (0ms)
				EditorAssembliesLoaded (1ms)
			ExecutionOrderSort2 (0ms)
			AwakeInstancesAfterBackupRestoration (0ms)
Platform modules already initialized, skipping
Registering precompiled user dll's ...
Registered in 0.043201 seconds.
Begin MonoManager ReloadAssembly
Native extension for Lumin target not found
Native extension for LinuxStandalone target not found
Native extension for WindowsStandalone target not found
Native extension for OSXStandalone target not found
Native extension for WebGL target not found
Refreshing native plugins compatible for Editor in 0.58 ms, found 3 plugins.
Preloading 0 native plugins for Editor in 0.00 ms.
Mono: successfully reloaded assembly
- Completed reload, in  2.946 seconds
Domain Reload Profiling:
	ReloadAssembly (2949ms)
		BeginReloadAssembly (326ms)
			ExecutionOrderSort (0ms)
			DisableScriptedObjects (11ms)
			BackupInstance (0ms)
			ReleaseScriptingObjects (0ms)
			CreateAndSetChildDomain (42ms)
		EndReloadAssembly (2479ms)
			LoadAssemblies (209ms)
			RebuildTransferFunctionScriptingTraits (0ms)
			SetupTypeCache (662ms)
			ReleaseScriptCaches (1ms)
			RebuildScriptCaches (80ms)
			SetupLoadedEditorAssemblies (1315ms)
				LogAssemblyErrors (0ms)
				InitializePlatformSupportModulesInManaged (19ms)
				SetLoadedEditorAssemblies (1ms)
				RefreshPlugins (1ms)
				BeforeProcessingInitializeOnLoad (178ms)
				ProcessInitializeOnLoadAttributes (1088ms)
				ProcessInitializeOnLoadMethodAttributes (9ms)
				AfterProcessingInitializeOnLoad (19ms)
				EditorAssembliesLoaded (1ms)
			ExecutionOrderSort2 (0ms)
			AwakeInstancesAfterBackupRestoration (16ms)
Platform modules already initialized, skipping
========================================================================
Worker process is ready to serve import requests
Launched and connected shader compiler UnityShaderCompiler.exe after 0.14 seconds
Refreshing native plugins compatible for Editor in 0.47 ms, found 3 plugins.
Preloading 0 native plugins for Editor in 0.00 ms.
Unloading 1419 Unused Serialized files (Serialized files now loaded: 0)
System memory in use before: 78.4 MB.
System memory in use after: 78.5 MB.

Unloading 20 unused Assets to reduce memory usage. Loaded Objects now: 1874.
Total: 11.396800 ms (FindLiveObjects: 0.241500 ms CreateObjectMapping: 0.053300 ms MarkObjects: 10.026200 ms  DeleteObjects: 1.073100 ms)

AssetImportParameters requested are different than current active one (requested -> active):
  custom:framework-win-MediaFoundation: 216162199b28c13a410421893ffa2e32 -> 
  custom:video-decoder-ogg-theora: a1e56fd34408186e4bbccfd4996cb3dc -> 
  custom:container-muxer-webm: aa71ff27fc2769a1b78a27578f13a17b -> 
  custom:container-demuxer-webm: 4f35f7cbe854078d1ac9338744f61a02 -> 
  custom:container-demuxer-ogg: 62fdf1f143b41e24485cea50d1cbac27 -> 
  custom:video-encoder-webm-vp8: eb34c28f22e8b96e1ab97ce403110664 -> 
  custom:video-codec-MediaFoundation-h265: 746d11721c4dcdbdad8f713fa42b33f4 -> 
  custom:video-decoder-webm-vp8: 9c59270c3fd7afecdb556c50c9e8de78 -> 
  custom:audio-decoder-ogg-vorbis: bf7c407c2cedff20999df2af8eb42d56 -> 
  custom:audio-encoder-webm-vorbis: bf7c407c2cedff20999df2af8eb42d56 -> 
========================================================================
Received Import Request.
  path: Assets/PlayerMovement.cs
  artifactKey: Guid(f415264c99a74d344b934299fe67b271) Importer(815301076,1909f56bfc062723c751e8b465ee728b)
Start importing Assets/PlayerMovement.cs using Guid(f415264c99a74d344b934299fe67b271) Importer(815301076,1909f56bfc062723c751e8b465ee728b)  -> (artifact id: '2b10382319b62f7196e9f3e94efb3434') in 0.117655 seconds 
  Import took 0.124575 seconds .

========================================================================
Received Import Request.
  Time since last request: 104.167810 seconds.
  path: Assets/PlayerMovement.cs
  artifactKey: Guid(f415264c99a74d344b934299fe67b271) Importer(815301076,1909f56bfc062723c751e8b465ee728b)
Start importing Assets/PlayerMovement.cs using Guid(f415264c99a74d344b934299fe67b271) Importer(815301076,1909f56bfc062723c751e8b465ee728b)  -> (artifact id: '60f40056b2744484a4eef8c7b80a6748') in 0.076399 seconds 
  Import took 0.082267 seconds .

========================================================================
Received Import Request.
  Time since last request: 0.046013 seconds.
  path: Assets/PlayerMovement.cs
  artifactKey: Guid(f415264c99a74d344b934299fe67b271) Importer(815301076,1909f56bfc062723c751e8b465ee728b)
Start importing Assets/PlayerMovement.cs using Guid(f415264c99a74d344b934299fe67b271) Importer(815301076,1909f56bfc062723c751e8b465ee728b)  -> (artifact id: '60f40056b2744484a4eef8c7b80a6748') in 0.069568 seconds 
  Import took 0.087602 seconds .

========================================================================
Received Import Request.
  Time since last request: 69.054891 seconds.
  path: Assets/PlayerMovement.cs
  artifactKey: Guid(f415264c99a74d344b934299fe67b271) Importer(815301076,1909f56bfc062723c751e8b465ee728b)
Start importing Assets/PlayerMovement.cs using Guid(f415264c99a74d344b934299fe67b271) Importer(815301076,1909f56bfc062723c751e8b465ee728b)  -> (artifact id: 'bcc8ba4858c0e112f2db578d9d43a69e') in 0.080811 seconds 
  Import took 0.088128 seconds .

========================================================================
Received Import Request.
  Time since last request: 28.958451 seconds.
  path: Assets/PlayerMovement.cs
  artifactKey: Guid(f415264c99a74d344b934299fe67b271) Importer(815301076,1909f56bfc062723c751e8b465ee728b)
Start importing Assets/PlayerMovement.cs using Guid(f415264c99a74d344b934299fe67b271) Importer(815301076,1909f56bfc062723c751e8b465ee728b)  -> (artifact id: 'd76f379ed5a848694a7fe946901d55f4') in 0.064961 seconds 
  Import took 0.072261 seconds .

========================================================================
Received Import Request.
  Time since last request: 52.132804 seconds.
  path: Assets
  artifactKey: Guid(00000000000000001000000000000000) Importer(815301076,1909f56bfc062723c751e8b465ee728b)
Start importing Assets using Guid(00000000000000001000000000000000) Importer(815301076,1909f56bfc062723c751e8b465ee728b)  -> (artifact id: '097ad54e5215e2c4d762132d723e2a4e') in 0.080682 seconds 
  Import took 0.092074 seconds .

========================================================================
Received Import Request.
  Time since last request: 6.780485 seconds.
  path: Assets/PlayerData.cs
  artifactKey: Guid(ea98c9a36cade92479df01c98eb75bb5) Importer(815301076,1909f56bfc062723c751e8b465ee728b)
Start importing Assets/PlayerData.cs using Guid(ea98c9a36cade92479df01c98eb75bb5) Importer(815301076,1909f56bfc062723c751e8b465ee728b)  -> (artifact id: '22864d0dbc3c9bc0264ece1df69237d3') in 0.085778 seconds 
  Import took 0.114718 seconds .

========================================================================
Received Import Request.
  Time since last request: 33.799880 seconds.
  path: Assets/PlayerData.cs
  artifactKey: Guid(ea98c9a36cade92479df01c98eb75bb5) Importer(815301076,1909f56bfc062723c751e8b465ee728b)
Start importing Assets/PlayerData.cs using Guid(ea98c9a36cade92479df01c98eb75bb5) Importer(815301076,1909f56bfc062723c751e8b465ee728b)  -> (artifact id: '80c1bd3c6ae13d6b2aef66028ba6c368') in 0.065772 seconds 
  Import took 0.074487 seconds .

========================================================================
Received Import Request.
  Time since last request: 20.400645 seconds.
  path: Assets/PlayerData.cs
  artifactKey: Guid(ea98c9a36cade92479df01c98eb75bb5) Importer(815301076,1909f56bfc062723c751e8b465ee728b)
Start importing Assets/PlayerData.cs using Guid(ea98c9a36cade92479df01c98eb75bb5) Importer(815301076,1909f56bfc062723c751e8b465ee728b)  -> (artifact id: '60716658a195e8484bfd44a702f333c5') in 0.053441 seconds 
  Import took 0.119545 seconds .

========================================================================
Received Import Request.
  Time since last request: 224.369508 seconds.
  path: Assets/PlayerData.cs
  artifactKey: Guid(ea98c9a36cade92479df01c98eb75bb5) Importer(815301076,1909f56bfc062723c751e8b465ee728b)
Start importing Assets/PlayerData.cs using Guid(ea98c9a36cade92479df01c98eb75bb5) Importer(815301076,1909f56bfc062723c751e8b465ee728b)  -> (artifact id: '10cb90f2d29b14b0933811b3b0c819dd') in 0.062573 seconds 
  Import took 0.086105 seconds .

========================================================================
Received Import Request.
  Time since last request: 74.535086 seconds.
  path: Assets/PlayerData.cs
  artifactKey: Guid(ea98c9a36cade92479df01c98eb75bb5) Importer(815301076,1909f56bfc062723c751e8b465ee728b)
Start importing Assets/PlayerData.cs using Guid(ea98c9a36cade92479df01c98eb75bb5) Importer(815301076,1909f56bfc062723c751e8b465ee728b)  -> (artifact id: '851e6cc60db96941e758912b38e92114') in 0.078144 seconds 
  Import took 0.087385 seconds .

========================================================================
Received Import Request.
  Time since last request: 3.267189 seconds.
  path: Assets/PlayerData.cs
  artifactKey: Guid(ea98c9a36cade92479df01c98eb75bb5) Importer(815301076,1909f56bfc062723c751e8b465ee728b)
Start importing Assets/PlayerData.cs using Guid(ea98c9a36cade92479df01c98eb75bb5) Importer(815301076,1909f56bfc062723c751e8b465ee728b)  -> (artifact id: 'e9f96ecedc8441783aaba25e18afbd32') in 0.080606 seconds 
  Import took 0.090646 seconds .

========================================================================
Received Prepare
Registering precompiled user dll's ...
Registered in 0.064211 seconds.
Begin MonoManager ReloadAssembly
Native extension for Lumin target not found
Native extension for LinuxStandalone target not found
Native extension for WindowsStandalone target not found
Native extension for OSXStandalone target not found
Native extension for WebGL target not found
Refreshing native plugins compatible for Editor in 0.63 ms, found 3 plugins.
Preloading 0 native plugins for Editor in 0.00 ms.
Mono: successfully reloaded assembly
- Completed reload, in  4.985 seconds
Domain Reload Profiling:
	ReloadAssembly (5012ms)
		BeginReloadAssembly (1735ms)
			ExecutionOrderSort (0ms)
			DisableScriptedObjects (122ms)
			BackupInstance (0ms)
			ReleaseScriptingObjects (1ms)
			CreateAndSetChildDomain (1273ms)
		EndReloadAssembly (3061ms)
			LoadAssemblies (326ms)
			RebuildTransferFunctionScriptingTraits (0ms)
			SetupTypeCache (1161ms)
			ReleaseScriptCaches (1ms)
			RebuildScriptCaches (78ms)
			SetupLoadedEditorAssemblies (1130ms)
				LogAssemblyErrors (0ms)
				InitializePlatformSupportModulesInManaged (24ms)
				SetLoadedEditorAssemblies (3ms)
				RefreshPlugins (1ms)
				BeforeProcessingInitializeOnLoad (177ms)
				ProcessInitializeOnLoadAttributes (901ms)
				ProcessInitializeOnLoadMethodAttributes (8ms)
				AfterProcessingInitializeOnLoad (17ms)
				EditorAssembliesLoaded (0ms)
			ExecutionOrderSort2 (0ms)
			AwakeInstancesAfterBackupRestoration (174ms)
Platform modules already initialized, skipping
Refreshing native plugins compatible for Editor in 0.49 ms, found 3 plugins.
Preloading 0 native plugins for Editor in 0.00 ms.
Unloading 1414 Unused Serialized files (Serialized files now loaded: 0)
System memory in use before: 78.3 MB.
System memory in use after: 78.4 MB.

Unloading 15 unused Assets to reduce memory usage. Loaded Objects now: 1877.
Total: 16.625000 ms (FindLiveObjects: 4.030900 ms CreateObjectMapping: 0.091900 ms MarkObjects: 12.202300 ms  DeleteObjects: 0.296400 ms)

AssetImportParameters requested are different than current active one (requested -> active):
  custom:framework-win-MediaFoundation: 216162199b28c13a410421893ffa2e32 -> 
  custom:video-decoder-ogg-theora: a1e56fd34408186e4bbccfd4996cb3dc -> 
  custom:container-muxer-webm: aa71ff27fc2769a1b78a27578f13a17b -> 
  custom:container-demuxer-webm: 4f35f7cbe854078d1ac9338744f61a02 -> 
  custom:container-demuxer-ogg: 62fdf1f143b41e24485cea50d1cbac27 -> 
  custom:video-encoder-webm-vp8: eb34c28f22e8b96e1ab97ce403110664 -> 
  custom:video-codec-MediaFoundation-h265: 746d11721c4dcdbdad8f713fa42b33f4 -> 
  custom:video-decoder-webm-vp8: 9c59270c3fd7afecdb556c50c9e8de78 -> 
  custom:audio-decoder-ogg-vorbis: bf7c407c2cedff20999df2af8eb42d56 -> 
  custom:audio-encoder-webm-vorbis: bf7c407c2cedff20999df2af8eb42d56 -> 
========================================================================
Received Import Request.
  Time since last request: 751.664775 seconds.
  path: Assets/PlayerMovement.cs
  artifactKey: Guid(f415264c99a74d344b934299fe67b271) Importer(815301076,1909f56bfc062723c751e8b465ee728b)
Start importing Assets/PlayerMovement.cs using Guid(f415264c99a74d344b934299fe67b271) Importer(815301076,1909f56bfc062723c751e8b465ee728b)  -> (artifact id: '1c988b345e7bcd2d024291f50f6b7043') in 1.518421 seconds 
  Import took 2.104957 seconds .

========================================================================
Received Import Request.
  Time since last request: 0.001111 seconds.
  path: Assets/Test.cs
  artifactKey: Guid(5540c73cc8d2121429a5446538205c87) Importer(815301076,1909f56bfc062723c751e8b465ee728b)
Start importing Assets/Test.cs using Guid(5540c73cc8d2121429a5446538205c87) Importer(815301076,1909f56bfc062723c751e8b465ee728b)  -> (artifact id: 'eda302801d8109dad475e68bc3591cfe') in 0.060208 seconds 
  Import took 0.066645 seconds .

========================================================================
Received Import Request.
  Time since last request: 8.525008 seconds.
  path: Assets/GroundCheck.cs
  artifactKey: Guid(5540c73cc8d2121429a5446538205c87) Importer(815301076,1909f56bfc062723c751e8b465ee728b)
Start importing Assets/GroundCheck.cs using Guid(5540c73cc8d2121429a5446538205c87) Importer(815301076,1909f56bfc062723c751e8b465ee728b)  -> (artifact id: '77b7bc2405b6c5626aa97ce451d2eec4') in 0.155513 seconds 
  Import took 0.170693 seconds .

========================================================================
Received Prepare
Registering precompiled user dll's ...
Registered in 0.031779 seconds.
Begin MonoManager ReloadAssembly
Native extension for Lumin target not found
Native extension for LinuxStandalone target not found
Native extension for WindowsStandalone target not found
Native extension for OSXStandalone target not found
Native extension for WebGL target not found
Refreshing native plugins compatible for Editor in 2.62 ms, found 3 plugins.
Preloading 0 native plugins for Editor in 0.00 ms.
Mono: successfully reloaded assembly
- Completed reload, in  3.793 seconds
Domain Reload Profiling:
	ReloadAssembly (3819ms)
		BeginReloadAssembly (757ms)
			ExecutionOrderSort (0ms)
			DisableScriptedObjects (111ms)
			BackupInstance (0ms)
			ReleaseScriptingObjects (0ms)
			CreateAndSetChildDomain (337ms)
		EndReloadAssembly (2876ms)
			LoadAssemblies (323ms)
			RebuildTransferFunctionScriptingTraits (1ms)
			SetupTypeCache (790ms)
			ReleaseScriptCaches (2ms)
			RebuildScriptCaches (78ms)
			SetupLoadedEditorAssemblies (1410ms)
				LogAssemblyErrors (0ms)
				InitializePlatformSupportModulesInManaged (47ms)
				SetLoadedEditorAssemblies (5ms)
				RefreshPlugins (3ms)
				BeforeProcessingInitializeOnLoad (242ms)
				ProcessInitializeOnLoadAttributes (1083ms)
				ProcessInitializeOnLoadMethodAttributes (13ms)
				AfterProcessingInitializeOnLoad (17ms)
				EditorAssembliesLoaded (1ms)
			ExecutionOrderSort2 (0ms)
			AwakeInstancesAfterBackupRestoration (19ms)
Platform modules already initialized, skipping
Refreshing native plugins compatible for Editor in 0.74 ms, found 3 plugins.
Preloading 0 native plugins for Editor in 0.00 ms.
Unloading 1414 Unused Serialized files (Serialized files now loaded: 0)
System memory in use before: 78.3 MB.
System memory in use after: 78.4 MB.

Unloading 15 unused Assets to reduce memory usage. Loaded Objects now: 1879.
Total: 15.112500 ms (FindLiveObjects: 0.869800 ms CreateObjectMapping: 0.074800 ms MarkObjects: 13.920400 ms  DeleteObjects: 0.242800 ms)

AssetImportParameters requested are different than current active one (requested -> active):
  custom:framework-win-MediaFoundation: 216162199b28c13a410421893ffa2e32 -> 
  custom:video-decoder-ogg-theora: a1e56fd34408186e4bbccfd4996cb3dc -> 
  custom:container-muxer-webm: aa71ff27fc2769a1b78a27578f13a17b -> 
  custom:container-demuxer-webm: 4f35f7cbe854078d1ac9338744f61a02 -> 
  custom:container-demuxer-ogg: 62fdf1f143b41e24485cea50d1cbac27 -> 
  custom:video-encoder-webm-vp8: eb34c28f22e8b96e1ab97ce403110664 -> 
  custom:video-codec-MediaFoundation-h265: 746d11721c4dcdbdad8f713fa42b33f4 -> 
  custom:video-decoder-webm-vp8: 9c59270c3fd7afecdb556c50c9e8de78 -> 
  custom:audio-decoder-ogg-vorbis: bf7c407c2cedff20999df2af8eb42d56 -> 
  custom:audio-encoder-webm-vorbis: bf7c407c2cedff20999df2af8eb42d56 -> 
========================================================================
Received Import Request.
  Time since last request: 474.774696 seconds.
  path: Assets/GroundCheck.cs
  artifactKey: Guid(5540c73cc8d2121429a5446538205c87) Importer(815301076,1909f56bfc062723c751e8b465ee728b)
Start importing Assets/GroundCheck.cs using Guid(5540c73cc8d2121429a5446538205c87) Importer(815301076,1909f56bfc062723c751e8b465ee728b)  -> (artifact id: '0d9e984da827eae6a613c2c82f90e7a0') in 0.281023 seconds 
  Import took 0.518889 seconds .

========================================================================
Received Import Request.
  Time since last request: 68.689099 seconds.
  path: Assets/GroundCheck.cs
  artifactKey: Guid(5540c73cc8d2121429a5446538205c87) Importer(815301076,1909f56bfc062723c751e8b465ee728b)
Start importing Assets/GroundCheck.cs using Guid(5540c73cc8d2121429a5446538205c87) Importer(815301076,1909f56bfc062723c751e8b465ee728b)  -> (artifact id: '6dfaf5433ff41f92631b0c3026c168cd') in 0.090510 seconds 
  Import took 0.097374 seconds .

========================================================================
Received Import Request.
  Time since last request: 86.289209 seconds.
  path: Assets/GroundCheck.cs
  artifactKey: Guid(5540c73cc8d2121429a5446538205c87) Importer(815301076,1909f56bfc062723c751e8b465ee728b)
Start importing Assets/GroundCheck.cs using Guid(5540c73cc8d2121429a5446538205c87) Importer(815301076,1909f56bfc062723c751e8b465ee728b)  -> (artifact id: 'a8cceee99b2bff1804c4db587d434b38') in 0.077531 seconds 
  Import took 0.084469 seconds .

========================================================================
Received Import Request.
  Time since last request: 58.494043 seconds.
  path: Assets/GroundCheck.cs
  artifactKey: Guid(5540c73cc8d2121429a5446538205c87) Importer(815301076,1909f56bfc062723c751e8b465ee728b)
Start importing Assets/GroundCheck.cs using Guid(5540c73cc8d2121429a5446538205c87) Importer(815301076,1909f56bfc062723c751e8b465ee728b)  -> (artifact id: 'f953ba85e914879a48a783259656a9ce') in 0.083590 seconds 
  Import took 0.091530 seconds .

========================================================================
Received Import Request.
  Time since last request: 81.254342 seconds.
  path: Assets/GroundCheck.cs
  artifactKey: Guid(5540c73cc8d2121429a5446538205c87) Importer(815301076,1909f56bfc062723c751e8b465ee728b)
Start importing Assets/GroundCheck.cs using Guid(5540c73cc8d2121429a5446538205c87) Importer(815301076,1909f56bfc062723c751e8b465ee728b)  -> (artifact id: 'c719f2c0ea144dcc3fb934512b55f9a6') in 0.106926 seconds 
  Import took 0.114786 seconds .

========================================================================
Received Prepare
Registering precompiled user dll's ...
Registered in 0.027384 seconds.
Begin MonoManager ReloadAssembly
Native extension for Lumin target not found
Native extension for LinuxStandalone target not found
Native extension for WindowsStandalone target not found
Native extension for OSXStandalone target not found
Native extension for WebGL target not found
Refreshing native plugins compatible for Editor in 1.43 ms, found 3 plugins.
Preloading 0 native plugins for Editor in 0.00 ms.
Mono: successfully reloaded assembly
- Completed reload, in  3.763 seconds
Domain Reload Profiling:
	ReloadAssembly (3785ms)
		BeginReloadAssembly (498ms)
			ExecutionOrderSort (0ms)
			DisableScriptedObjects (39ms)
			BackupInstance (0ms)
			ReleaseScriptingObjects (0ms)
			CreateAndSetChildDomain (215ms)
		EndReloadAssembly (3105ms)
			LoadAssemblies (337ms)
			RebuildTransferFunctionScriptingTraits (1ms)
			SetupTypeCache (786ms)
			ReleaseScriptCaches (10ms)
			RebuildScriptCaches (105ms)
			SetupLoadedEditorAssemblies (1587ms)
				LogAssemblyErrors (0ms)
				InitializePlatformSupportModulesInManaged (24ms)
				SetLoadedEditorAssemblies (1ms)
				RefreshPlugins (2ms)
				BeforeProcessingInitializeOnLoad (231ms)
				ProcessInitializeOnLoadAttributes (1297ms)
				ProcessInitializeOnLoadMethodAttributes (11ms)
				AfterProcessingInitializeOnLoad (20ms)
				EditorAssembliesLoaded (1ms)
			ExecutionOrderSort2 (0ms)
			AwakeInstancesAfterBackupRestoration (15ms)
Platform modules already initialized, skipping
Refreshing native plugins compatible for Editor in 0.72 ms, found 3 plugins.
Preloading 0 native plugins for Editor in 0.00 ms.
Unloading 1414 Unused Serialized files (Serialized files now loaded: 0)
System memory in use before: 78.3 MB.
System memory in use after: 78.4 MB.

Unloading 15 unused Assets to reduce memory usage. Loaded Objects now: 1881.
Total: 9.646000 ms (FindLiveObjects: 0.405100 ms CreateObjectMapping: 0.063500 ms MarkObjects: 9.120800 ms  DeleteObjects: 0.052800 ms)

AssetImportParameters requested are different than current active one (requested -> active):
  custom:framework-win-MediaFoundation: 216162199b28c13a410421893ffa2e32 -> 
  custom:video-decoder-ogg-theora: a1e56fd34408186e4bbccfd4996cb3dc -> 
  custom:container-muxer-webm: aa71ff27fc2769a1b78a27578f13a17b -> 
  custom:container-demuxer-webm: 4f35f7cbe854078d1ac9338744f61a02 -> 
  custom:container-demuxer-ogg: 62fdf1f143b41e24485cea50d1cbac27 -> 
  custom:video-encoder-webm-vp8: eb34c28f22e8b96e1ab97ce403110664 -> 
  custom:video-codec-MediaFoundation-h265: 746d11721c4dcdbdad8f713fa42b33f4 -> 
  custom:video-decoder-webm-vp8: 9c59270c3fd7afecdb556c50c9e8de78 -> 
  custom:audio-decoder-ogg-vorbis: bf7c407c2cedff20999df2af8eb42d56 -> 
  custom:audio-encoder-webm-vorbis: bf7c407c2cedff20999df2af8eb42d56 -> 
AssetImportWorkerClient::OnTransportError - code=2 error=End of file
